Log file open, 10/25/20 14:41:12
LogInit: Display: Running engine for game: GameProject
LogPlatformFile: Not using cached read wrapper
LogTaskGraph: Started task graph with 5 named threads and 14 total threads with 3 sets of task threads.
LogStats: Stats thread started at 1.952071
LogD3D11RHI: Loaded GFSDK_Aftermath_Lib.x64.dll
LogICUInternationalization: ICU TimeZone Detection - Raw Offset: +1:00, Platform Override: ''
LogPluginManager: Mounting plugin Paper2D
LogPluginManager: Mounting plugin AISupport
LogPluginManager: Mounting plugin LightPropagationVolume
LogPluginManager: Mounting plugin CameraShakePreviewer
LogPluginManager: Mounting plugin ActorLayerUtilities
LogPluginManager: Mounting plugin AnimationSharing
LogPluginManager: Mounting plugin CLionSourceCodeAccess
LogPluginManager: Mounting plugin CodeLiteSourceCodeAccess
LogPluginManager: Mounting plugin GitSourceControl
LogPluginManager: Mounting plugin KDevelopSourceCodeAccess
LogPluginManager: Mounting plugin NullSourceCodeAccess
LogPluginManager: Mounting plugin PerforceSourceControl
LogPluginManager: Mounting plugin PlasticSourceControl
LogPluginManager: Mounting plugin RiderSourceCodeAccess
LogPluginManager: Mounting plugin SubversionSourceControl
LogPluginManager: Mounting plugin UObjectPlugin
LogPluginManager: Mounting plugin VisualStudioCodeSourceCodeAccess
LogPluginManager: Mounting plugin VisualStudioSourceCodeAccess
LogPluginManager: Mounting plugin XCodeSourceCodeAccess
LogPluginManager: Mounting plugin AssetManagerEditor
LogPluginManager: Mounting plugin CryptoKeys
LogPluginManager: Mounting plugin CurveEditorTools
LogPluginManager: Mounting plugin DataValidation
LogPluginManager: Mounting plugin EditorScriptingUtilities
LogPluginManager: Mounting plugin FacialAnimation
LogPluginManager: Mounting plugin GameplayTagsEditor
LogPluginManager: Mounting plugin GeometryMode
LogPluginManager: Mounting plugin MacGraphicsSwitching
LogPluginManager: Mounting plugin MaterialAnalyzer
LogPluginManager: Mounting plugin MobileLauncherProfileWizard
LogPluginManager: Mounting plugin PluginBrowser
LogPluginManager: Mounting plugin SpeedTreeImporter
LogPluginManager: Mounting plugin DatasmithContent
LogPluginManager: Mounting plugin VariantManagerContent
LogPluginManager: Mounting plugin AlembicImporter
LogPluginManager: Mounting plugin AutomationUtils
LogPluginManager: Mounting plugin BackChannel
LogPluginManager: Mounting plugin ChaosCloth
LogPluginManager: Mounting plugin ChaosClothEditor
LogPluginManager: Mounting plugin ChaosEditor
LogPluginManager: Mounting plugin ChaosNiagara
LogPluginManager: Mounting plugin ChaosSolverPlugin
LogPluginManager: Mounting plugin CharacterAI
LogPluginManager: Mounting plugin GeometryCache
LogPluginManager: Mounting plugin GeometryCollectionPlugin
LogPluginManager: Mounting plugin GeometryProcessing
LogPluginManager: Mounting plugin PlanarCut
LogPluginManager: Mounting plugin PlatformCrypto
LogPluginManager: Mounting plugin ProxyLODPlugin
LogPluginManager: Mounting plugin SkeletalReduction
LogPluginManager: Mounting plugin Niagara
LogPluginManager: Mounting plugin MagicLeap
LogPluginManager: Mounting plugin MagicLeapLightEstimation
LogPluginManager: Mounting plugin MagicLeapMedia
LogPluginManager: Mounting plugin MagicLeapPassableWorld
LogPluginManager: Mounting plugin MLSDK
LogPluginManager: Mounting plugin AndroidMedia
LogPluginManager: Mounting plugin AvfMedia
LogPluginManager: Mounting plugin ImgMedia
LogPluginManager: Mounting plugin MediaCompositing
LogPluginManager: Mounting plugin MediaPlayerEditor
LogPluginManager: Mounting plugin WebMMedia
LogPluginManager: Mounting plugin WmfMedia
LogPluginManager: Mounting plugin MeshPainting
LogPluginManager: Mounting plugin TcpMessaging
LogPluginManager: Mounting plugin UdpMessaging
LogPluginManager: Mounting plugin ActorSequence
LogPluginManager: Mounting plugin LevelSequenceEditor
LogPluginManager: Mounting plugin MatineeToLevelSequence
LogPluginManager: Mounting plugin MovieRenderPipeline
LogPluginManager: Mounting plugin TemplateSequence
LogPluginManager: Mounting plugin NetcodeUnitTest
LogPluginManager: Mounting plugin NUTUnrealEngine4
LogPluginManager: Mounting plugin OnlineSubsystemGooglePlay
LogPluginManager: Mounting plugin OnlineSubsystemIOS
LogPluginManager: Mounting plugin OnlineSubsystem
LogPluginManager: Mounting plugin OnlineSubsystemNull
LogPluginManager: Mounting plugin OnlineSubsystemUtils
LogPluginManager: Mounting plugin LauncherChunkInstaller
LogPluginManager: Mounting plugin AndroidDeviceProfileSelector
LogPluginManager: Mounting plugin AndroidMoviePlayer
LogPluginManager: Mounting plugin AndroidPermission
LogPluginManager: Mounting plugin AppleImageUtils
LogPluginManager: Mounting plugin AppleMoviePlayer
LogPluginManager: Mounting plugin ArchVisCharacter
LogPluginManager: Mounting plugin AssetTags
LogPluginManager: Mounting plugin AudioCapture
LogPluginManager: Mounting plugin CableComponent
LogPluginManager: Mounting plugin CustomMeshComponent
LogPluginManager: Mounting plugin EditableMesh
LogPluginManager: Mounting plugin ExampleDeviceProfileSelector
LogPluginManager: Mounting plugin GoogleCloudMessaging
LogPluginManager: Mounting plugin GooglePAD
LogPluginManager: Mounting plugin IOSDeviceProfileSelector
LogPluginManager: Mounting plugin LinuxDeviceProfileSelector
LogPluginManager: Mounting plugin LocationServicesBPLibrary
LogPluginManager: Mounting plugin MobilePatchingUtils
LogPluginManager: Mounting plugin OculusVR
LogPluginManager: Mounting plugin PhysXVehicles
LogPluginManager: Mounting plugin PostSplashScreen
LogPluginManager: Mounting plugin ProceduralMeshComponent
LogPluginManager: Mounting plugin RuntimePhysXCooking
LogPluginManager: Mounting plugin SignificanceManager
LogPluginManager: Mounting plugin SoundFields
LogPluginManager: Mounting plugin SteamVR
LogPluginManager: Mounting plugin Synthesis
LogPluginManager: Mounting plugin WebMMoviePlayer
LogPluginManager: Mounting plugin WindowsMoviePlayer
LogPluginManager: Mounting plugin ScreenshotTools
LogInit: Using libcurl 7.55.1-DEV
LogInit:  - built for x86_64-pc-win32
LogInit:  - supports SSL with OpenSSL/1.1.1
LogInit:  - supports HTTP deflate (compression) using libz 1.2.8
LogInit:  - other features:
LogInit:      CURL_VERSION_SSL
LogInit:      CURL_VERSION_LIBZ
LogInit:      CURL_VERSION_IPV6
LogInit:      CURL_VERSION_ASYNCHDNS
LogInit:      CURL_VERSION_LARGEFILE
LogInit:      CURL_VERSION_IDN
LogInit:  CurlRequestOptions (configurable via config and command line):
LogInit:  - bVerifyPeer = true  - Libcurl will verify peer certificate
LogInit:  - bUseHttpProxy = false  - Libcurl will NOT use HTTP proxy
LogInit:  - bDontReuseConnections = false  - Libcurl will reuse connections
LogInit:  - MaxHostConnections = 16  - Libcurl will limit the number of connections to a host
LogInit:  - LocalHostAddr = Default
LogInit:  - BufferSize = 65536
LogOnline: OSS: Creating online subsystem instance for: NULL
LogInit: WinSock: version 1.1 (2.2), MaxSocks=32767, MaxUdp=65467
LogOnline: OSS: TryLoadSubsystemAndSetDefault: Loaded subsystem for module [NULL]
LogInit: Build: ++UE4+Release-4.25-CL-14469661
LogInit: Engine Version: 4.25.4-14469661+++UE4+Release-4.25
LogInit: Compatible Engine Version: 4.25.0-13144385+++UE4+Release-4.25
LogInit: Net CL: 13144385
LogInit: OS: Windows 10 (Release 1909) (), CPU: Intel(R) Core(TM) i5-4460  CPU @ 3.20GHz, GPU: NVIDIA GeForce GT 730
LogInit: Compiled (64-bit): Oct 11 2020 08:10:49
LogInit: Compiled with Visual C++: 19.24.28315.00
LogInit: Build Configuration: Development
LogInit: Branch Name: ++UE4+Release-4.25
LogInit: Command Line: 
LogInit: Base Directory: D:/UnrealEngine/UE_4.25/Engine/Binaries/Win64/
LogInit: Allocator: TBB
LogInit: Installed Engine Build: 1
LogDevObjectVersion: Number of dev versions registered: 26
LogDevObjectVersion:   Dev-Blueprints (B0D832E4-1F89-4F0D-ACCF-7EB736FD4AA2): 10
LogDevObjectVersion:   Dev-Build (E1C64328-A22C-4D53-A36C-8E866417BD8C): 0
LogDevObjectVersion:   Dev-Core (375EC13C-06E4-48FB-B500-84F0262A717E): 4
LogDevObjectVersion:   Dev-Editor (E4B068ED-F494-42E9-A231-DA0B2E46BB41): 38
LogDevObjectVersion:   Dev-Framework (CFFC743F-43B0-4480-9391-14DF171D2073): 37
LogDevObjectVersion:   Dev-Mobile (B02B49B5-BB20-44E9-A304-32B752E40360): 2
LogDevObjectVersion:   Dev-Networking (A4E4105C-59A1-49B5-A7C5-40C4547EDFEE): 0
LogDevObjectVersion:   Dev-Online (39C831C9-5AE6-47DC-9A44-9C173E1C8E7C): 0
LogDevObjectVersion:   Dev-Physics (78F01B33-EBEA-4F98-B9B4-84EACCB95AA2): 4
LogDevObjectVersion:   Dev-Platform (6631380F-2D4D-43E0-8009-CF276956A95A): 0
LogDevObjectVersion:   Dev-Rendering (12F88B9F-8875-4AFC-A67C-D90C383ABD29): 43
LogDevObjectVersion:   Dev-Sequencer (7B5AE74C-D270-4C10-A958-57980B212A5A): 12
LogDevObjectVersion:   Dev-VR (D7296918-1DD6-4BDD-9DE2-64A83CC13884): 3
LogDevObjectVersion:   Dev-LoadTimes (C2A15278-BFE7-4AFE-6C17-90FF531DF755): 1
LogDevObjectVersion:   Private-Geometry (6EACA3D4-40EC-4CC1-B786-8BED09428FC5): 3
LogDevObjectVersion:   Dev-AnimPhys (29E575DD-E0A3-4627-9D10-D276232CDCEA): 17
LogDevObjectVersion:   Dev-Anim (AF43A65D-7FD3-4947-9873-3E8ED9C1BB05): 7
LogDevObjectVersion:   Dev-ReflectionCapture (6B266CEC-1EC7-4B8F-A30B-E4D90942FC07): 1
LogDevObjectVersion:   Dev-Automation (0DF73D61-A23F-47EA-B727-89E90C41499A): 1
LogDevObjectVersion:   FortniteMain (601D1886-AC64-4F84-AA16-D3DE0DEAC7D6): 31
LogDevObjectVersion:   Dev-Enterprise (9DFFBCD6-494F-0158-E221-12823C92A888): 10
LogDevObjectVersion:   Dev-Niagara (F2AED0AC-9AFE-416F-8664-AA7FFA26D6FC): 1
LogDevObjectVersion:   Dev-Destruction (174F1F0B-B4C6-45A5-B13F-2EE8D0FB917D): 10
LogDevObjectVersion:   Dev-Physics-Ext (35F94A83-E258-406C-A318-09F59610247C): 37
LogDevObjectVersion:   Dev-PhysicsMaterial-Chaos (B68FC16E-8B1B-42E2-B453-215C058844FE): 1
LogDevObjectVersion:   Dev-CineCamera (B2E18506-4273-CFC2-A54E-F4BB758BBA07): 1
LogInit: Presizing for max 25165824 objects, including 0 objects not considered by GC, pre-allocating 0 bytes for permanent pool.
LogConfig: Applying CVar settings from Section [/Script/Engine.StreamingSettings] File [D:/_GameProject/GameProject/Saved/Config/Windows/Engine.ini]
LogConfig: Setting CVar [[s.MinBulkDataSizeForAsyncLoading:131072]]
LogConfig: Setting CVar [[s.AsyncLoadingThreadEnabled:0]]
LogConfig: Setting CVar [[s.EventDrivenLoaderEnabled:1]]
LogConfig: Setting CVar [[s.WarnIfTimeLimitExceeded:0]]
LogConfig: Setting CVar [[s.TimeLimitExceededMultiplier:1.5]]
LogConfig: Setting CVar [[s.TimeLimitExceededMinTime:0.005]]
LogConfig: Setting CVar [[s.UseBackgroundLevelStreaming:1]]
LogConfig: Setting CVar [[s.PriorityAsyncLoadingExtraTime:15.0]]
LogConfig: Setting CVar [[s.LevelStreamingActorsUpdateTimeLimit:5.0]]
LogConfig: Setting CVar [[s.PriorityLevelStreamingActorsUpdateExtraTime:5.0]]
LogConfig: Setting CVar [[s.LevelStreamingComponentsRegistrationGranularity:10]]
LogConfig: Setting CVar [[s.UnregisterComponentsTimeLimit:1.0]]
LogConfig: Setting CVar [[s.LevelStreamingComponentsUnregistrationGranularity:5]]
LogConfig: Setting CVar [[s.FlushStreamingOnExit:1]]
LogInit: Object subsystem initialized
LogConfig: Setting CVar [[con.DebugEarlyDefault:1]]
LogConfig: Setting CVar [[r.setres:1280x720]]
[2020.10.25-13.41.14:472][  0]LogConfig: Setting CVar [[r.VSync:0]]
[2020.10.25-13.41.14:472][  0]LogConfig: Setting CVar [[r.RHICmdBypass:0]]
[2020.10.25-13.41.14:472][  0]LogConfig: Applying CVar settings from Section [/Script/Engine.RendererSettings] File [D:/_GameProject/GameProject/Saved/Config/Windows/Engine.ini]
[2020.10.25-13.41.14:472][  0]LogConfig: Setting CVar [[r.GPUCrashDebugging:0]]
[2020.10.25-13.41.14:472][  0]LogConfig: Setting CVar [[r.SkinCache.CompileShaders:1]]
[2020.10.25-13.41.14:473][  0]LogConfig: Setting CVar [[r.RayTracing:1]]
[2020.10.25-13.41.14:473][  0]LogConfig: Applying CVar settings from Section [/Script/Engine.RendererOverrideSettings] File [D:/_GameProject/GameProject/Saved/Config/Windows/Engine.ini]
[2020.10.25-13.41.14:473][  0]LogConfig: Applying CVar settings from Section [/Script/Engine.StreamingSettings] File [D:/_GameProject/GameProject/Saved/Config/Windows/Engine.ini]
[2020.10.25-13.41.14:473][  0]LogConfig: Setting CVar [[s.MinBulkDataSizeForAsyncLoading:131072]]
[2020.10.25-13.41.14:473][  0]LogConfig: Setting CVar [[s.AsyncLoadingThreadEnabled:0]]
[2020.10.25-13.41.14:473][  0]LogConfig: Setting CVar [[s.EventDrivenLoaderEnabled:1]]
[2020.10.25-13.41.14:473][  0]LogConfig: Setting CVar [[s.WarnIfTimeLimitExceeded:0]]
[2020.10.25-13.41.14:473][  0]LogConfig: Setting CVar [[s.TimeLimitExceededMultiplier:1.5]]
[2020.10.25-13.41.14:473][  0]LogConfig: Setting CVar [[s.TimeLimitExceededMinTime:0.005]]
[2020.10.25-13.41.14:473][  0]LogConfig: Setting CVar [[s.UseBackgroundLevelStreaming:1]]
[2020.10.25-13.41.14:473][  0]LogConfig: Setting CVar [[s.PriorityAsyncLoadingExtraTime:15.0]]
[2020.10.25-13.41.14:473][  0]LogConfig: Setting CVar [[s.LevelStreamingActorsUpdateTimeLimit:5.0]]
[2020.10.25-13.41.14:473][  0]LogConfig: Setting CVar [[s.PriorityLevelStreamingActorsUpdateExtraTime:5.0]]
[2020.10.25-13.41.14:473][  0]LogConfig: Setting CVar [[s.LevelStreamingComponentsRegistrationGranularity:10]]
[2020.10.25-13.41.14:473][  0]LogConfig: Setting CVar [[s.UnregisterComponentsTimeLimit:1.0]]
[2020.10.25-13.41.14:473][  0]LogConfig: Setting CVar [[s.LevelStreamingComponentsUnregistrationGranularity:5]]
[2020.10.25-13.41.14:473][  0]LogConfig: Setting CVar [[s.FlushStreamingOnExit:1]]
[2020.10.25-13.41.14:473][  0]LogConfig: Applying CVar settings from Section [/Script/Engine.GarbageCollectionSettings] File [D:/_GameProject/GameProject/Saved/Config/Windows/Engine.ini]
[2020.10.25-13.41.14:473][  0]LogConfig: Setting CVar [[gc.MaxObjectsNotConsideredByGC:1]]
[2020.10.25-13.41.14:473][  0]LogConfig: Setting CVar [[gc.SizeOfPermanentObjectPool:0]]
[2020.10.25-13.41.14:473][  0]LogConfig: Setting CVar [[gc.FlushStreamingOnGC:0]]
[2020.10.25-13.41.14:473][  0]LogConfig: Setting CVar [[gc.NumRetriesBeforeForcingGC:10]]
[2020.10.25-13.41.14:473][  0]LogConfig: Setting CVar [[gc.AllowParallelGC:1]]
[2020.10.25-13.41.14:473][  0]LogConfig: Setting CVar [[gc.TimeBetweenPurgingPendingKillObjects:61.1]]
[2020.10.25-13.41.14:473][  0]LogConfig: Setting CVar [[gc.MaxObjectsInEditor:25165824]]
[2020.10.25-13.41.14:473][  0]LogConfig: Setting CVar [[gc.IncrementalBeginDestroyEnabled:1]]
[2020.10.25-13.41.14:473][  0]LogConfig: Setting CVar [[gc.CreateGCClusters:1]]
[2020.10.25-13.41.14:474][  0]LogConfig: Setting CVar [[gc.MinGCClusterSize:5]]
[2020.10.25-13.41.14:474][  0]LogConfig: Setting CVar [[gc.ActorClusteringEnabled:0]]
[2020.10.25-13.41.14:474][  0]LogConfig: Setting CVar [[gc.BlueprintClusteringEnabled:0]]
[2020.10.25-13.41.14:474][  0]LogConfig: Setting CVar [[gc.UseDisregardForGCOnDedicatedServers:0]]
[2020.10.25-13.41.14:474][  0]LogConfig: Applying CVar settings from Section [/Script/Engine.NetworkSettings] File [D:/_GameProject/GameProject/Saved/Config/Windows/Engine.ini]
[2020.10.25-13.41.14:474][  0]LogConfig: Applying CVar settings from Section [/Script/UnrealEd.CookerSettings] File [D:/_GameProject/GameProject/Saved/Config/Windows/Engine.ini]
[2020.10.25-13.41.14:477][  0]LogConfig: Applying CVar settings from Section [ViewDistanceQuality@3] File [D:/_GameProject/GameProject/Saved/Config/Windows/Scalability.ini]
[2020.10.25-13.41.14:478][  0]LogConfig: Setting CVar [[r.SkeletalMeshLODBias:0]]
[2020.10.25-13.41.14:478][  0]LogConfig: Setting CVar [[r.ViewDistanceScale:1.0]]
[2020.10.25-13.41.14:478][  0]LogConfig: Applying CVar settings from Section [AntiAliasingQuality@3] File [D:/_GameProject/GameProject/Saved/Config/Windows/Scalability.ini]
[2020.10.25-13.41.14:478][  0]LogConfig: Setting CVar [[r.PostProcessAAQuality:4]]
[2020.10.25-13.41.14:478][  0]LogConfig: Applying CVar settings from Section [ShadowQuality@3] File [D:/_GameProject/GameProject/Saved/Config/Windows/Scalability.ini]
[2020.10.25-13.41.14:478][  0]LogConfig: Setting CVar [[r.LightFunctionQuality:1]]
[2020.10.25-13.41.14:478][  0]LogConfig: Setting CVar [[r.ShadowQuality:5]]
[2020.10.25-13.41.14:478][  0]LogConfig: Setting CVar [[r.Shadow.CSM.MaxCascades:10]]
[2020.10.25-13.41.14:478][  0]LogConfig: Setting CVar [[r.Shadow.MaxResolution:2048]]
[2020.10.25-13.41.14:478][  0]LogConfig: Setting CVar [[r.Shadow.MaxCSMResolution:2048]]
[2020.10.25-13.41.14:478][  0]LogConfig: Setting CVar [[r.Shadow.RadiusThreshold:0.01]]
[2020.10.25-13.41.14:478][  0]LogConfig: Setting CVar [[r.Shadow.DistanceScale:1.0]]
[2020.10.25-13.41.14:478][  0]LogConfig: Setting CVar [[r.Shadow.CSM.TransitionScale:1.0]]
[2020.10.25-13.41.14:478][  0]LogConfig: Setting CVar [[r.Shadow.PreShadowResolutionFactor:1.0]]
[2020.10.25-13.41.14:478][  0]LogConfig: Setting CVar [[r.DistanceFieldShadowing:1]]
[2020.10.25-13.41.14:478][  0]LogConfig: Setting CVar [[r.DistanceFieldAO:1]]
[2020.10.25-13.41.14:478][  0]LogConfig: Setting CVar [[r.AOQuality:2]]
[2020.10.25-13.41.14:478][  0]LogConfig: Setting CVar [[r.VolumetricFog:1]]
[2020.10.25-13.41.14:478][  0]LogConfig: Setting CVar [[r.VolumetricFog.GridPixelSize:8]]
[2020.10.25-13.41.14:478][  0]LogConfig: Setting CVar [[r.VolumetricFog.GridSizeZ:128]]
[2020.10.25-13.41.14:478][  0]LogConfig: Setting CVar [[r.VolumetricFog.HistoryMissSupersampleCount:4]]
[2020.10.25-13.41.14:478][  0]LogConfig: Setting CVar [[r.LightMaxDrawDistanceScale:1]]
[2020.10.25-13.41.14:478][  0]LogConfig: Setting CVar [[r.CapsuleShadows:1]]
[2020.10.25-13.41.14:478][  0]LogConfig: Applying CVar settings from Section [PostProcessQuality@3] File [D:/_GameProject/GameProject/Saved/Config/Windows/Scalability.ini]
[2020.10.25-13.41.14:478][  0]LogConfig: Setting CVar [[r.MotionBlurQuality:4]]
[2020.10.25-13.41.14:478][  0]LogConfig: Setting CVar [[r.AmbientOcclusionMipLevelFactor:0.4]]
[2020.10.25-13.41.14:478][  0]LogConfig: Setting CVar [[r.AmbientOcclusionMaxQuality:100]]
[2020.10.25-13.41.14:478][  0]LogConfig: Setting CVar [[r.AmbientOcclusionLevels:-1]]
[2020.10.25-13.41.14:478][  0]LogConfig: Setting CVar [[r.AmbientOcclusionRadiusScale:1.0]]
[2020.10.25-13.41.14:478][  0]LogConfig: Setting CVar [[r.DepthOfFieldQuality:2]]
[2020.10.25-13.41.14:479][  0]LogConfig: Setting CVar [[r.RenderTargetPoolMin:400]]
[2020.10.25-13.41.14:479][  0]LogConfig: Setting CVar [[r.LensFlareQuality:2]]
[2020.10.25-13.41.14:479][  0]LogConfig: Setting CVar [[r.SceneColorFringeQuality:1]]
[2020.10.25-13.41.14:479][  0]LogConfig: Setting CVar [[r.EyeAdaptationQuality:2]]
[2020.10.25-13.41.14:479][  0]LogConfig: Setting CVar [[r.BloomQuality:5]]
[2020.10.25-13.41.14:479][  0]LogConfig: Setting CVar [[r.FastBlurThreshold:100]]
[2020.10.25-13.41.14:479][  0]LogConfig: Setting CVar [[r.Upscale.Quality:3]]
[2020.10.25-13.41.14:479][  0]LogConfig: Setting CVar [[r.Tonemapper.GrainQuantization:1]]
[2020.10.25-13.41.14:479][  0]LogConfig: Setting CVar [[r.LightShaftQuality:1]]
[2020.10.25-13.41.14:479][  0]LogConfig: Setting CVar [[r.Filter.SizeScale:1]]
[2020.10.25-13.41.14:479][  0]LogConfig: Setting CVar [[r.Tonemapper.Quality:5]]
[2020.10.25-13.41.14:479][  0]LogConfig: Setting CVar [[r.DOF.Gather.AccumulatorQuality:1        ; higher gathering accumulator quality]]
[2020.10.25-13.41.14:479][  0]LogConfig: Setting CVar [[r.DOF.Gather.PostfilterMethod:1          ; Median3x3 postfilering method]]
[2020.10.25-13.41.14:479][  0]LogConfig: Setting CVar [[r.DOF.Gather.EnableBokehSettings:0       ; no bokeh simulation when gathering]]
[2020.10.25-13.41.14:479][  0]LogConfig: Setting CVar [[r.DOF.Gather.RingCount:4                 ; medium number of samples when gathering]]
[2020.10.25-13.41.14:479][  0]LogConfig: Setting CVar [[r.DOF.Scatter.ForegroundCompositing:1    ; additive foreground scattering]]
[2020.10.25-13.41.14:479][  0]LogConfig: Setting CVar [[r.DOF.Scatter.BackgroundCompositing:2    ; additive background scattering]]
[2020.10.25-13.41.14:479][  0]LogConfig: Setting CVar [[r.DOF.Scatter.EnableBokehSettings:1      ; bokeh simulation when scattering]]
[2020.10.25-13.41.14:479][  0]LogConfig: Setting CVar [[r.DOF.Scatter.MaxSpriteRatio:0.1         ; only a maximum of 10% of scattered bokeh]]
[2020.10.25-13.41.14:479][  0]LogConfig: Setting CVar [[r.DOF.Recombine.Quality:1                ; cheap slight out of focus]]
[2020.10.25-13.41.14:479][  0]LogConfig: Setting CVar [[r.DOF.Recombine.EnableBokehSettings:0    ; no bokeh simulation on slight out of focus]]
[2020.10.25-13.41.14:479][  0]LogConfig: Setting CVar [[r.DOF.TemporalAAQuality:1                ; more stable temporal accumulation]]
[2020.10.25-13.41.14:479][  0]LogConfig: Setting CVar [[r.DOF.Kernel.MaxForegroundRadius:0.025]]
[2020.10.25-13.41.14:479][  0]LogConfig: Setting CVar [[r.DOF.Kernel.MaxBackgroundRadius:0.025]]
[2020.10.25-13.41.14:479][  0]LogConfig: Applying CVar settings from Section [TextureQuality@3] File [D:/_GameProject/GameProject/Saved/Config/Windows/Scalability.ini]
[2020.10.25-13.41.14:479][  0]LogConfig: Setting CVar [[r.Streaming.MipBias:0]]
[2020.10.25-13.41.14:479][  0]LogConfig: Setting CVar [[r.Streaming.AmortizeCPUToGPUCopy:0]]
[2020.10.25-13.41.14:479][  0]LogConfig: Setting CVar [[r.Streaming.MaxNumTexturesToStreamPerFrame:0]]
[2020.10.25-13.41.14:479][  0]LogConfig: Setting CVar [[r.Streaming.Boost:1]]
[2020.10.25-13.41.14:479][  0]LogConfig: Setting CVar [[r.MaxAnisotropy:8]]
[2020.10.25-13.41.14:479][  0]LogConfig: Setting CVar [[r.VT.MaxAnisotropy:8]]
[2020.10.25-13.41.14:480][  0]LogConfig: Setting CVar [[r.Streaming.LimitPoolSizeToVRAM:0]]
[2020.10.25-13.41.14:480][  0]LogConfig: Setting CVar [[r.Streaming.PoolSize:1000]]
[2020.10.25-13.41.14:480][  0]LogConfig: Setting CVar [[r.Streaming.MaxEffectiveScreenSize:0]]
[2020.10.25-13.41.14:480][  0]LogConfig: Applying CVar settings from Section [EffectsQuality@3] File [D:/_GameProject/GameProject/Saved/Config/Windows/Scalability.ini]
[2020.10.25-13.41.14:480][  0]LogConfig: Setting CVar [[r.TranslucencyLightingVolumeDim:64]]
[2020.10.25-13.41.14:480][  0]LogConfig: Setting CVar [[r.RefractionQuality:2]]
[2020.10.25-13.41.14:480][  0]LogConfig: Setting CVar [[r.SSR.Quality:3]]
[2020.10.25-13.41.14:480][  0]LogConfig: Setting CVar [[r.SSR.HalfResSceneColor:0]]
[2020.10.25-13.41.14:480][  0]LogConfig: Setting CVar [[r.SceneColorFormat:4]]
[2020.10.25-13.41.14:480][  0]LogConfig: Setting CVar [[r.DetailMode:2]]
[2020.10.25-13.41.14:480][  0]LogConfig: Setting CVar [[r.TranslucencyVolumeBlur:1]]
[2020.10.25-13.41.14:480][  0]LogConfig: Setting CVar [[r.MaterialQualityLevel:1 ; High quality]]
[2020.10.25-13.41.14:480][  0]LogConfig: Setting CVar [[r.SSS.Scale:1]]
[2020.10.25-13.41.14:480][  0]LogConfig: Setting CVar [[r.SSS.SampleSet:2]]
[2020.10.25-13.41.14:480][  0]LogConfig: Setting CVar [[r.SSS.Quality:1]]
[2020.10.25-13.41.14:480][  0]LogConfig: Setting CVar [[r.SSS.HalfRes:0]]
[2020.10.25-13.41.14:480][  0]LogConfig: Setting CVar [[r.SSGI.Quality:3]]
[2020.10.25-13.41.14:480][  0]LogConfig: Setting CVar [[r.EmitterSpawnRateScale:1.0]]
[2020.10.25-13.41.14:480][  0]LogConfig: Setting CVar [[r.ParticleLightQuality:2]]
[2020.10.25-13.41.14:480][  0]LogConfig: Setting CVar [[r.SkyAtmosphere.AerialPerspectiveLUT.FastApplyOnOpaque:1 ; Always have FastSkyLUT 1 in this case to avoid wrong sky]]
[2020.10.25-13.41.14:480][  0]LogConfig: Setting CVar [[r.SkyAtmosphere.AerialPerspectiveLUT.SampleCountPerSlice:1]]
[2020.10.25-13.41.14:480][  0]LogConfig: Setting CVar [[r.SkyAtmosphere.AerialPerspectiveLUT.DepthResolution:16.0]]
[2020.10.25-13.41.14:480][  0]LogConfig: Setting CVar [[r.SkyAtmosphere.FastSkyLUT:1]]
[2020.10.25-13.41.14:480][  0]LogConfig: Setting CVar [[r.SkyAtmosphere.FastSkyLUT.SampleCountMin:4.0]]
[2020.10.25-13.41.14:480][  0]LogConfig: Setting CVar [[r.SkyAtmosphere.FastSkyLUT.SampleCountMax:32.0]]
[2020.10.25-13.41.14:480][  0]LogConfig: Setting CVar [[r.SkyAtmosphere.SampleCountMin:4.0]]
[2020.10.25-13.41.14:480][  0]LogConfig: Setting CVar [[r.SkyAtmosphere.SampleCountMax:32.0]]
[2020.10.25-13.41.14:480][  0]LogConfig: Setting CVar [[r.SkyAtmosphere.TransmittanceLUT.UseSmallFormat:0]]
[2020.10.25-13.41.14:480][  0]LogConfig: Setting CVar [[r.SkyAtmosphere.TransmittanceLUT.SampleCount:10.0]]
[2020.10.25-13.41.14:480][  0]LogConfig: Setting CVar [[r.SkyAtmosphere.MultiScatteringLUT.SampleCount:15.0]]
[2020.10.25-13.41.14:480][  0]LogConfig: Applying CVar settings from Section [FoliageQuality@3] File [D:/_GameProject/GameProject/Saved/Config/Windows/Scalability.ini]
[2020.10.25-13.41.14:481][  0]LogConfig: Setting CVar [[foliage.DensityScale:1.0]]
[2020.10.25-13.41.14:481][  0]LogConfig: Setting CVar [[grass.DensityScale:1.0]]
[2020.10.25-13.41.14:481][  0]LogConfig: Applying CVar settings from Section [ShadingQuality@3] File [D:/_GameProject/GameProject/Saved/Config/Windows/Scalability.ini]
[2020.10.25-13.41.14:481][  0]LogConfig: Setting CVar [[r.HairStrands.SkyLighting.SampleCount:16]]
[2020.10.25-13.41.14:481][  0]LogConfig: Setting CVar [[r.HairStrands.SkyLighting.JitterIntegration:0]]
[2020.10.25-13.41.14:481][  0]LogConfig: Setting CVar [[r.HairStrands.SkyAO.SampleCount:16]]
[2020.10.25-13.41.14:481][  0]LogConfig: Setting CVar [[r.HairStrands.DeepShadow.SuperSampling:0]]
[2020.10.25-13.41.14:481][  0]LogConfig: Setting CVar [[r.HairStrands.VisibilityPPLL:0]]
[2020.10.25-13.41.14:481][  0]LogConfig: Setting CVar [[r.HairStrands.RasterizationScale:0.5]]
[2020.10.25-13.41.14:481][  0]LogConfig: Setting CVar [[r.HairStrands.VelocityRasterizationScale:1]]
[2020.10.25-13.41.14:481][  0]LogInit: Selected Device Profile: [Windows]
[2020.10.25-13.41.14:481][  0]LogInit: Applying CVar settings loaded from the selected device profile: [Windows]
[2020.10.25-13.41.14:481][  0]LogHAL: Display: Platform has ~ 8 GB [8465735680 / 8589934592 / 8], which maps to Default [LargestMinGB=32, LargerMinGB=12, DefaultMinGB=8, SmallerMinGB=6, SmallestMinGB=0)
[2020.10.25-13.41.14:481][  0]LogInit: Going up to parent DeviceProfile []
[2020.10.25-13.41.14:481][  0]LogConfig: Applying CVar settings from Section [ViewDistanceQuality@3] File [D:/_GameProject/GameProject/Saved/Config/Windows/Scalability.ini]
[2020.10.25-13.41.14:481][  0]LogConfig: Setting CVar [[r.SkeletalMeshLODBias:0]]
[2020.10.25-13.41.14:481][  0]LogConfig: Setting CVar [[r.ViewDistanceScale:1.0]]
[2020.10.25-13.41.14:481][  0]LogConfig: Applying CVar settings from Section [AntiAliasingQuality@3] File [D:/_GameProject/GameProject/Saved/Config/Windows/Scalability.ini]
[2020.10.25-13.41.14:481][  0]LogConfig: Setting CVar [[r.PostProcessAAQuality:4]]
[2020.10.25-13.41.14:481][  0]LogConfig: Applying CVar settings from Section [ShadowQuality@3] File [D:/_GameProject/GameProject/Saved/Config/Windows/Scalability.ini]
[2020.10.25-13.41.14:481][  0]LogConfig: Setting CVar [[r.LightFunctionQuality:1]]
[2020.10.25-13.41.14:481][  0]LogConfig: Setting CVar [[r.ShadowQuality:5]]
[2020.10.25-13.41.14:481][  0]LogConfig: Setting CVar [[r.Shadow.CSM.MaxCascades:10]]
[2020.10.25-13.41.14:481][  0]LogConfig: Setting CVar [[r.Shadow.MaxResolution:2048]]
[2020.10.25-13.41.14:481][  0]LogConfig: Setting CVar [[r.Shadow.MaxCSMResolution:2048]]
[2020.10.25-13.41.14:481][  0]LogConfig: Setting CVar [[r.Shadow.RadiusThreshold:0.01]]
[2020.10.25-13.41.14:482][  0]LogConfig: Setting CVar [[r.Shadow.DistanceScale:1.0]]
[2020.10.25-13.41.14:482][  0]LogConfig: Setting CVar [[r.Shadow.CSM.TransitionScale:1.0]]
[2020.10.25-13.41.14:482][  0]LogConfig: Setting CVar [[r.Shadow.PreShadowResolutionFactor:1.0]]
[2020.10.25-13.41.14:482][  0]LogConfig: Setting CVar [[r.DistanceFieldShadowing:1]]
[2020.10.25-13.41.14:482][  0]LogConfig: Setting CVar [[r.DistanceFieldAO:1]]
[2020.10.25-13.41.14:482][  0]LogConfig: Setting CVar [[r.AOQuality:2]]
[2020.10.25-13.41.14:482][  0]LogConfig: Setting CVar [[r.VolumetricFog:1]]
[2020.10.25-13.41.14:482][  0]LogConfig: Setting CVar [[r.VolumetricFog.GridPixelSize:8]]
[2020.10.25-13.41.14:482][  0]LogConfig: Setting CVar [[r.VolumetricFog.GridSizeZ:128]]
[2020.10.25-13.41.14:482][  0]LogConfig: Setting CVar [[r.VolumetricFog.HistoryMissSupersampleCount:4]]
[2020.10.25-13.41.14:482][  0]LogConfig: Setting CVar [[r.LightMaxDrawDistanceScale:1]]
[2020.10.25-13.41.14:482][  0]LogConfig: Setting CVar [[r.CapsuleShadows:1]]
[2020.10.25-13.41.14:482][  0]LogConfig: Applying CVar settings from Section [PostProcessQuality@3] File [D:/_GameProject/GameProject/Saved/Config/Windows/Scalability.ini]
[2020.10.25-13.41.14:482][  0]LogConfig: Setting CVar [[r.MotionBlurQuality:4]]
[2020.10.25-13.41.14:482][  0]LogConfig: Setting CVar [[r.AmbientOcclusionMipLevelFactor:0.4]]
[2020.10.25-13.41.14:482][  0]LogConfig: Setting CVar [[r.AmbientOcclusionMaxQuality:100]]
[2020.10.25-13.41.14:482][  0]LogConfig: Setting CVar [[r.AmbientOcclusionLevels:-1]]
[2020.10.25-13.41.14:482][  0]LogConfig: Setting CVar [[r.AmbientOcclusionRadiusScale:1.0]]
[2020.10.25-13.41.14:482][  0]LogConfig: Setting CVar [[r.DepthOfFieldQuality:2]]
[2020.10.25-13.41.14:482][  0]LogConfig: Setting CVar [[r.RenderTargetPoolMin:400]]
[2020.10.25-13.41.14:482][  0]LogConfig: Setting CVar [[r.LensFlareQuality:2]]
[2020.10.25-13.41.14:482][  0]LogConfig: Setting CVar [[r.SceneColorFringeQuality:1]]
[2020.10.25-13.41.14:482][  0]LogConfig: Setting CVar [[r.EyeAdaptationQuality:2]]
[2020.10.25-13.41.14:482][  0]LogConfig: Setting CVar [[r.BloomQuality:5]]
[2020.10.25-13.41.14:482][  0]LogConfig: Setting CVar [[r.FastBlurThreshold:100]]
[2020.10.25-13.41.14:482][  0]LogConfig: Setting CVar [[r.Upscale.Quality:3]]
[2020.10.25-13.41.14:482][  0]LogConfig: Setting CVar [[r.Tonemapper.GrainQuantization:1]]
[2020.10.25-13.41.14:482][  0]LogConfig: Setting CVar [[r.LightShaftQuality:1]]
[2020.10.25-13.41.14:482][  0]LogConfig: Setting CVar [[r.Filter.SizeScale:1]]
[2020.10.25-13.41.14:482][  0]LogConfig: Setting CVar [[r.Tonemapper.Quality:5]]
[2020.10.25-13.41.14:482][  0]LogConfig: Setting CVar [[r.DOF.Gather.AccumulatorQuality:1        ; higher gathering accumulator quality]]
[2020.10.25-13.41.14:482][  0]LogConfig: Setting CVar [[r.DOF.Gather.PostfilterMethod:1          ; Median3x3 postfilering method]]
[2020.10.25-13.41.14:483][  0]LogConfig: Setting CVar [[r.DOF.Gather.EnableBokehSettings:0       ; no bokeh simulation when gathering]]
[2020.10.25-13.41.14:483][  0]LogConfig: Setting CVar [[r.DOF.Gather.RingCount:4                 ; medium number of samples when gathering]]
[2020.10.25-13.41.14:483][  0]LogConfig: Setting CVar [[r.DOF.Scatter.ForegroundCompositing:1    ; additive foreground scattering]]
[2020.10.25-13.41.14:483][  0]LogConfig: Setting CVar [[r.DOF.Scatter.BackgroundCompositing:2    ; additive background scattering]]
[2020.10.25-13.41.14:483][  0]LogConfig: Setting CVar [[r.DOF.Scatter.EnableBokehSettings:1      ; bokeh simulation when scattering]]
[2020.10.25-13.41.14:483][  0]LogConfig: Setting CVar [[r.DOF.Scatter.MaxSpriteRatio:0.1         ; only a maximum of 10% of scattered bokeh]]
[2020.10.25-13.41.14:483][  0]LogConfig: Setting CVar [[r.DOF.Recombine.Quality:1                ; cheap slight out of focus]]
[2020.10.25-13.41.14:483][  0]LogConfig: Setting CVar [[r.DOF.Recombine.EnableBokehSettings:0    ; no bokeh simulation on slight out of focus]]
[2020.10.25-13.41.14:483][  0]LogConfig: Setting CVar [[r.DOF.TemporalAAQuality:1                ; more stable temporal accumulation]]
[2020.10.25-13.41.14:483][  0]LogConfig: Setting CVar [[r.DOF.Kernel.MaxForegroundRadius:0.025]]
[2020.10.25-13.41.14:483][  0]LogConfig: Setting CVar [[r.DOF.Kernel.MaxBackgroundRadius:0.025]]
[2020.10.25-13.41.14:483][  0]LogConfig: Applying CVar settings from Section [TextureQuality@3] File [D:/_GameProject/GameProject/Saved/Config/Windows/Scalability.ini]
[2020.10.25-13.41.14:483][  0]LogConfig: Setting CVar [[r.Streaming.MipBias:0]]
[2020.10.25-13.41.14:483][  0]LogConfig: Setting CVar [[r.Streaming.AmortizeCPUToGPUCopy:0]]
[2020.10.25-13.41.14:483][  0]LogConfig: Setting CVar [[r.Streaming.MaxNumTexturesToStreamPerFrame:0]]
[2020.10.25-13.41.14:483][  0]LogConfig: Setting CVar [[r.Streaming.Boost:1]]
[2020.10.25-13.41.14:483][  0]LogConfig: Setting CVar [[r.MaxAnisotropy:8]]
[2020.10.25-13.41.14:483][  0]LogConfig: Setting CVar [[r.VT.MaxAnisotropy:8]]
[2020.10.25-13.41.14:483][  0]LogConfig: Setting CVar [[r.Streaming.LimitPoolSizeToVRAM:0]]
[2020.10.25-13.41.14:483][  0]LogConfig: Setting CVar [[r.Streaming.PoolSize:1000]]
[2020.10.25-13.41.14:483][  0]LogConfig: Setting CVar [[r.Streaming.MaxEffectiveScreenSize:0]]
[2020.10.25-13.41.14:483][  0]LogConfig: Applying CVar settings from Section [EffectsQuality@3] File [D:/_GameProject/GameProject/Saved/Config/Windows/Scalability.ini]
[2020.10.25-13.41.14:483][  0]LogConfig: Setting CVar [[r.TranslucencyLightingVolumeDim:64]]
[2020.10.25-13.41.14:483][  0]LogConfig: Setting CVar [[r.RefractionQuality:2]]
[2020.10.25-13.41.14:483][  0]LogConfig: Setting CVar [[r.SSR.Quality:3]]
[2020.10.25-13.41.14:483][  0]LogConfig: Setting CVar [[r.SSR.HalfResSceneColor:0]]
[2020.10.25-13.41.14:483][  0]LogConfig: Setting CVar [[r.SceneColorFormat:4]]
[2020.10.25-13.41.14:484][  0]LogConfig: Setting CVar [[r.DetailMode:2]]
[2020.10.25-13.41.14:484][  0]LogConfig: Setting CVar [[r.TranslucencyVolumeBlur:1]]
[2020.10.25-13.41.14:484][  0]LogConfig: Setting CVar [[r.MaterialQualityLevel:1 ; High quality]]
[2020.10.25-13.41.14:484][  0]LogConfig: Setting CVar [[r.SSS.Scale:1]]
[2020.10.25-13.41.14:484][  0]LogConfig: Setting CVar [[r.SSS.SampleSet:2]]
[2020.10.25-13.41.14:484][  0]LogConfig: Setting CVar [[r.SSS.Quality:1]]
[2020.10.25-13.41.14:484][  0]LogConfig: Setting CVar [[r.SSS.HalfRes:0]]
[2020.10.25-13.41.14:484][  0]LogConfig: Setting CVar [[r.SSGI.Quality:3]]
[2020.10.25-13.41.14:484][  0]LogConfig: Setting CVar [[r.EmitterSpawnRateScale:1.0]]
[2020.10.25-13.41.14:484][  0]LogConfig: Setting CVar [[r.ParticleLightQuality:2]]
[2020.10.25-13.41.14:484][  0]LogConfig: Setting CVar [[r.SkyAtmosphere.AerialPerspectiveLUT.FastApplyOnOpaque:1 ; Always have FastSkyLUT 1 in this case to avoid wrong sky]]
[2020.10.25-13.41.14:484][  0]LogConfig: Setting CVar [[r.SkyAtmosphere.AerialPerspectiveLUT.SampleCountPerSlice:1]]
[2020.10.25-13.41.14:484][  0]LogConfig: Setting CVar [[r.SkyAtmosphere.AerialPerspectiveLUT.DepthResolution:16.0]]
[2020.10.25-13.41.14:484][  0]LogConfig: Setting CVar [[r.SkyAtmosphere.FastSkyLUT:1]]
[2020.10.25-13.41.14:484][  0]LogConfig: Setting CVar [[r.SkyAtmosphere.FastSkyLUT.SampleCountMin:4.0]]
[2020.10.25-13.41.14:484][  0]LogConfig: Setting CVar [[r.SkyAtmosphere.FastSkyLUT.SampleCountMax:32.0]]
[2020.10.25-13.41.14:484][  0]LogConfig: Setting CVar [[r.SkyAtmosphere.SampleCountMin:4.0]]
[2020.10.25-13.41.14:484][  0]LogConfig: Setting CVar [[r.SkyAtmosphere.SampleCountMax:32.0]]
[2020.10.25-13.41.14:484][  0]LogConfig: Setting CVar [[r.SkyAtmosphere.TransmittanceLUT.UseSmallFormat:0]]
[2020.10.25-13.41.14:484][  0]LogConfig: Setting CVar [[r.SkyAtmosphere.TransmittanceLUT.SampleCount:10.0]]
[2020.10.25-13.41.14:484][  0]LogConfig: Setting CVar [[r.SkyAtmosphere.MultiScatteringLUT.SampleCount:15.0]]
[2020.10.25-13.41.14:484][  0]LogConfig: Applying CVar settings from Section [FoliageQuality@3] File [D:/_GameProject/GameProject/Saved/Config/Windows/Scalability.ini]
[2020.10.25-13.41.14:484][  0]LogConfig: Setting CVar [[foliage.DensityScale:1.0]]
[2020.10.25-13.41.14:484][  0]LogConfig: Setting CVar [[grass.DensityScale:1.0]]
[2020.10.25-13.41.14:484][  0]LogConfig: Applying CVar settings from Section [ShadingQuality@3] File [D:/_GameProject/GameProject/Saved/Config/Windows/Scalability.ini]
[2020.10.25-13.41.14:484][  0]LogConfig: Setting CVar [[r.HairStrands.SkyLighting.SampleCount:16]]
[2020.10.25-13.41.14:484][  0]LogConfig: Setting CVar [[r.HairStrands.SkyLighting.JitterIntegration:0]]
[2020.10.25-13.41.14:484][  0]LogConfig: Setting CVar [[r.HairStrands.SkyAO.SampleCount:16]]
[2020.10.25-13.41.14:484][  0]LogConfig: Setting CVar [[r.HairStrands.DeepShadow.SuperSampling:0]]
[2020.10.25-13.41.14:484][  0]LogConfig: Setting CVar [[r.HairStrands.VisibilityPPLL:0]]
[2020.10.25-13.41.14:485][  0]LogConfig: Setting CVar [[r.HairStrands.RasterizationScale:0.5]]
[2020.10.25-13.41.14:485][  0]LogConfig: Setting CVar [[r.HairStrands.VelocityRasterizationScale:1]]
[2020.10.25-13.41.14:485][  0]LogConfig: Applying CVar settings from Section [Startup] File [../../../Engine/Config/ConsoleVariables.ini]
[2020.10.25-13.41.14:485][  0]LogConfig: Setting CVar [[net.UseAdaptiveNetUpdateFrequency:0]]
[2020.10.25-13.41.14:485][  0]LogConfig: Setting CVar [[p.chaos.AllowCreatePhysxBodies:1]]
[2020.10.25-13.41.14:485][  0]LogConfig: Setting CVar [[fx.SkipVectorVMBackendOptimizations:1]]
[2020.10.25-13.41.14:485][  0]LogConfig: Applying CVar settings from Section [ConsoleVariables] File [D:/_GameProject/GameProject/Saved/Config/Windows/Engine.ini]
[2020.10.25-13.41.14:485][  0]LogInit: Computer: DESKTOP-QO9C77A
[2020.10.25-13.41.14:485][  0]LogInit: User: adin2
[2020.10.25-13.41.14:485][  0]LogInit: CPU Page size=4096, Cores=4
[2020.10.25-13.41.14:485][  0]LogInit: High frequency timer resolution =10.000000 MHz
[2020.10.25-13.41.14:485][  0]LogMemory: Memory total: Physical=7.9GB (8GB approx)
[2020.10.25-13.41.14:486][  0]LogMemory: Platform Memory Stats for Windows
[2020.10.25-13.41.14:486][  0]LogMemory: Process Physical Memory: 113.68 MB used, 113.68 MB peak
[2020.10.25-13.41.14:486][  0]LogMemory: Process Virtual Memory: 95.51 MB used, 95.51 MB peak
[2020.10.25-13.41.14:486][  0]LogMemory: Physical Memory: 6092.23 MB used,  1981.32 MB free, 8073.55 MB total
[2020.10.25-13.41.14:486][  0]LogMemory: Virtual Memory: 5092.50 MB used,  134212632.00 MB free, 134217728.00 MB total
[2020.10.25-13.41.14:506][  0]LogWindows: WindowsPlatformFeatures enabled
[2020.10.25-13.41.14:820][  0]LogInit: Physics initialised using underlying interface: PhysX
[2020.10.25-13.41.14:846][  0]LogInit: Using OS detected language (pl-PL).
[2020.10.25-13.41.14:846][  0]LogInit: Using OS detected locale (pl-PL).
[2020.10.25-13.41.14:867][  0]LogTextLocalizationManager: No specific localization for 'pl-PL' exists, so the 'pl' localization will be used.
[2020.10.25-13.41.14:867][  0]LogTextLocalizationResource: LocRes '../../../Engine/Content/Localization/Editor/pl/Editor.locres' could not be opened for reading!
[2020.10.25-13.41.14:868][  0]LogTextLocalizationResource: LocRes '../../../Engine/Content/Localization/EditorTutorials/pl/EditorTutorials.locres' could not be opened for reading!
[2020.10.25-13.41.14:868][  0]LogTextLocalizationResource: LocRes '../../../Engine/Content/Localization/Keywords/pl/Keywords.locres' could not be opened for reading!
[2020.10.25-13.41.14:868][  0]LogTextLocalizationResource: LocRes '../../../Engine/Content/Localization/Category/pl/Category.locres' could not be opened for reading!
[2020.10.25-13.41.14:868][  0]LogTextLocalizationResource: LocRes '../../../Engine/Content/Localization/ToolTips/pl/ToolTips.locres' could not be opened for reading!
[2020.10.25-13.41.14:868][  0]LogTextLocalizationResource: LocRes '../../../Engine/Content/Localization/PropertyNames/pl/PropertyNames.locres' could not be opened for reading!
[2020.10.25-13.41.14:868][  0]LogTextLocalizationResource: LocRes '../../../Engine/Content/Localization/Engine/pl/Engine.locres' could not be opened for reading!
[2020.10.25-13.41.14:895][  0]LogInit: Setting process to per monitor DPI aware
[2020.10.25-13.41.15:340][  0]LogSlate: New Slate User Created.  User Index 0, Is Virtual User: 0
[2020.10.25-13.41.15:341][  0]LogSlate: Slate User Registered.  User Index 0, Is Virtual User: 0
[2020.10.25-13.41.15:995][  0]LogD3D12RHI: Aftermath initialized
[2020.10.25-13.41.15:995][  0]LogD3D12RHI: Loading WinPixEventRuntime.dll for PIX profiling (from ../../../Engine/Binaries/ThirdParty/Windows/WinPixEventRuntime/x64).
[2020.10.25-13.41.16:024][  0]LogHMD: Failed to initialize OpenVR with code 110
[2020.10.25-13.41.16:256][  0]LogD3D12RHI: Found D3D12 adapter 0: NVIDIA GeForce GT 730 (Max supported Feature Level 11_0)
[2020.10.25-13.41.16:256][  0]LogD3D12RHI: Adapter has 1989MB of dedicated video memory, 0MB of dedicated system memory, and 4036MB of shared system memory, 1 output[s]
[2020.10.25-13.41.16:748][  0]LogD3D12RHI: Found D3D12 adapter 1: Intel(R) HD Graphics 4600 (Max supported Feature Level 11_1)
[2020.10.25-13.41.16:748][  0]LogD3D12RHI: Adapter has 112MB of dedicated video memory, 0MB of dedicated system memory, and 2048MB of shared system memory, 0 output[s]
[2020.10.25-13.41.17:006][  0]LogD3D12RHI: Found D3D12 adapter 2: Microsoft Basic Render Driver (Max supported Feature Level 12_1)
[2020.10.25-13.41.17:006][  0]LogD3D12RHI: Adapter has 0MB of dedicated video memory, 0MB of dedicated system memory, and 4036MB of shared system memory, 0 output[s]
[2020.10.25-13.41.17:006][  0]LogD3D12RHI: Forcing D3D12.AsyncDeferredDeletion=0 as a workaround for a deadlock.
[2020.10.25-13.41.17:006][  0]LogD3D12RHI: Chosen D3D12 Adapter Id = 0
[2020.10.25-13.41.17:015][  0]LogD3D12RHI: Emitting draw events for PIX profiling.
[2020.10.25-13.41.17:078][  0]LogD3D12RHI: The system supports ID3D12Device1.
[2020.10.25-13.41.17:078][  0]LogD3D12RHI: The system supports ID3D12Device2.
[2020.10.25-13.41.17:177][  0]LogD3D12RHI: [GPUBreadCrumb] Successfully setup breadcrumb resource for 3D Queue 0
[2020.10.25-13.41.17:187][  0]LogD3D12RHI: [GPUBreadCrumb] Successfully setup breadcrumb resource for Copy Queue 0
[2020.10.25-13.41.17:209][  0]LogD3D12RHI: [GPUBreadCrumb] Successfully setup breadcrumb resource for Compute Queue 0
[2020.10.25-13.41.17:216][  0]LogD3D12RHI: Display: Not using pipeline state disk cache per r.D3D12.PSO.DiskCache=0
[2020.10.25-13.41.17:216][  0]LogD3D12RHI: Display: Not using driver-optimized pipeline state disk cache per r.D3D12.PSO.DriverOptimizedDiskCache=0
[2020.10.25-13.41.17:217][  0]LogD3D12RHI:     GPU DeviceId: 0xf02 (for the marketing name, search the web for "GPU Device Id")
[2020.10.25-13.41.17:217][  0]LogWindows: EnumDisplayDevices:
[2020.10.25-13.41.17:217][  0]LogWindows:    0. 'NVIDIA GeForce GT 730' (P:1 D:1)
[2020.10.25-13.41.17:218][  0]LogWindows:    1. 'NVIDIA GeForce GT 730' (P:0 D:0)
[2020.10.25-13.41.17:219][  0]LogWindows:    2. 'Intel(R) HD Graphics 4600' (P:0 D:0)
[2020.10.25-13.41.17:219][  0]LogWindows:    3. 'Intel(R) HD Graphics 4600' (P:0 D:0)
[2020.10.25-13.41.17:220][  0]LogWindows: DebugString: PrimaryIsNotTheChoosenAdapter PrimaryIsNotTheChoosenAdapter FoundDriverCount:2 
[2020.10.25-13.41.17:220][  0]LogD3D12RHI:     Adapter Name: NVIDIA GeForce GT 730
[2020.10.25-13.41.17:220][  0]LogD3D12RHI:   Driver Version: 391.35 (internal:23.21.13.9135, unified:391.35)
[2020.10.25-13.41.17:220][  0]LogD3D12RHI:      Driver Date: 3-23-2018
[2020.10.25-13.41.17:220][  0]LogRHI: Texture pool is 1065 MB (70% of 1522 MB)
[2020.10.25-13.41.17:220][  0]LogD3D12RHI: Async texture creation enabled
[2020.10.25-13.41.17:220][  0]LogD3D12RHI: RHI does not have support for 64 bit atomics
[2020.10.25-13.41.18:349][  0]LogTargetPlatformManager: Display: Loaded TargetPlatform 'AllDesktop'
[2020.10.25-13.41.18:385][  0]LogTargetPlatformManager: Display: Loaded TargetPlatform 'Android'
[2020.10.25-13.41.18:385][  0]LogTargetPlatformManager: Display: Loaded TargetPlatform 'Android_ASTC'
[2020.10.25-13.41.18:385][  0]LogTargetPlatformManager: Display: Loaded TargetPlatform 'Android_DXT'
[2020.10.25-13.41.18:385][  0]LogTargetPlatformManager: Display: Loaded TargetPlatform 'Android_ETC2'
[2020.10.25-13.41.18:385][  0]LogTargetPlatformManager: Display: Loaded TargetPlatform 'AndroidClient'
[2020.10.25-13.41.18:385][  0]LogTargetPlatformManager: Display: Loaded TargetPlatform 'Android_ASTCClient'
[2020.10.25-13.41.18:385][  0]LogTargetPlatformManager: Display: Loaded TargetPlatform 'Android_DXTClient'
[2020.10.25-13.41.18:385][  0]LogTargetPlatformManager: Display: Loaded TargetPlatform 'Android_ETC2Client'
[2020.10.25-13.41.18:385][  0]LogTargetPlatformManager: Display: Loaded TargetPlatform 'Android_Multi'
[2020.10.25-13.41.18:385][  0]LogTargetPlatformManager: Display: Loaded TargetPlatform 'Android_MultiClient'
[2020.10.25-13.41.18:469][  0]LogTargetPlatformManager: Display: Loaded TargetPlatform 'IOSClient'
[2020.10.25-13.41.18:469][  0]LogTargetPlatformManager: Display: Loaded TargetPlatform 'IOS'
[2020.10.25-13.41.18:502][  0]LogTargetPlatformManager: Display: Loaded TargetPlatform 'Linux'
[2020.10.25-13.41.18:542][  0]LogTargetPlatformManager: Display: Loaded TargetPlatform 'LinuxNoEditor'
[2020.10.25-13.41.18:601][  0]LogTargetPlatformManager: Display: Loaded TargetPlatform 'LinuxClient'
[2020.10.25-13.41.18:625][  0]LogTargetPlatformManager: Display: Loaded TargetPlatform 'LinuxServer'
[2020.10.25-13.41.18:645][  0]LogTargetPlatformManager: Display: Loaded TargetPlatform 'LinuxAArch64NoEditor'
[2020.10.25-13.41.18:667][  0]LogTargetPlatformManager: Display: Loaded TargetPlatform 'LinuxAArch64Client'
[2020.10.25-13.41.18:690][  0]LogTargetPlatformManager: Display: Loaded TargetPlatform 'LinuxAArch64Server'
[2020.10.25-13.41.18:728][  0]LogTargetPlatformManager: Display: Loaded TargetPlatform 'Lumin'
[2020.10.25-13.41.18:728][  0]LogTargetPlatformManager: Display: Loaded TargetPlatform 'LuminClient'
[2020.10.25-13.41.18:757][  0]LogTargetPlatformManager: Display: Loaded TargetPlatform 'TVOSClient'
[2020.10.25-13.41.18:757][  0]LogTargetPlatformManager: Display: Loaded TargetPlatform 'TVOS'
[2020.10.25-13.41.18:796][  0]LogTargetPlatformManager: Display: Loaded TargetPlatform 'WindowsNoEditor'
[2020.10.25-13.41.18:833][  0]LogTargetPlatformManager: Display: Loaded TargetPlatform 'Windows'
[2020.10.25-13.41.18:852][  0]LogTargetPlatformManager: Display: Loaded TargetPlatform 'WindowsClient'
[2020.10.25-13.41.18:874][  0]LogTargetPlatformManager: Display: Loaded TargetPlatform 'WindowsServer'
[2020.10.25-13.41.18:874][  0]LogTargetPlatformManager: Display: Building Assets For Windows
[2020.10.25-13.41.18:933][  0]LogAudioDebug: Display: Lib vorbis DLL was dynamically loaded.
[2020.10.25-13.41.19:512][  0]LogShaderCompilers: Guid format shader working directory is 7 characters bigger than the processId version (../../../../../_GameProject/GameProject/Intermediate/Shaders/WorkingDirectory/6076/).
[2020.10.25-13.41.19:512][  0]LogShaderCompilers: Cleaned the shader compiler working directory 'C:/Users/adin2/AppData/Local/Temp/UnrealShaderWorkingDir/21B0E71D434EFFE1558998B3224CA8DC/'.
[2020.10.25-13.41.19:521][  0]LogXGEController: Cannot use XGE Controller as Incredibuild is not installed on this machine.
[2020.10.25-13.41.19:522][  0]LogShaderCompilers: Cannot use XGE Shader Compiler as Incredibuild is not installed on this machine.
[2020.10.25-13.41.19:522][  0]LogShaderCompilers: Display: Using Local Shader Compiler.
[2020.10.25-13.41.21:107][  0]LogDerivedDataCache: Display: Max Cache Size: 512 MB
[2020.10.25-13.41.21:913][  0]LogDerivedDataCache: Loaded boot cache 0.81s 76MB C:/Users/adin2/AppData/Local/UnrealEngine/4.25/DerivedDataCache/Boot.ddc.
[2020.10.25-13.41.21:913][  0]LogDerivedDataCache: Display: Loaded Boot cache: C:/Users/adin2/AppData/Local/UnrealEngine/4.25/DerivedDataCache/Boot.ddc
[2020.10.25-13.41.21:913][  0]LogDerivedDataCache: FDerivedDataBackendGraph:  Pak pak cache file ../../../../../_GameProject/GameProject/DerivedDataCache/DDC.ddp not found, will not use a pak cache.
[2020.10.25-13.41.21:913][  0]LogDerivedDataCache: Unable to find inner node Pak for hierarchical cache Hierarchy.
[2020.10.25-13.41.21:913][  0]LogDerivedDataCache: FDerivedDataBackendGraph:  CompressedPak pak cache file ../../../../../_GameProject/GameProject/DerivedDataCache/Compressed.ddp not found, will not use a pak cache.
[2020.10.25-13.41.21:913][  0]LogDerivedDataCache: Unable to find inner node CompressedPak for hierarchical cache Hierarchy.
[2020.10.25-13.41.21:925][  0]LogDerivedDataCache: Display: Pak cache opened for reading ../../../Engine/DerivedDataCache/Compressed.ddp.
[2020.10.25-13.41.21:925][  0]LogDerivedDataCache: FDerivedDataBackendGraph:  EnterprisePak pak cache file ../../../Enterprise/DerivedDataCache/Compressed.ddp not found, will not use a pak cache.
[2020.10.25-13.41.21:925][  0]LogDerivedDataCache: Unable to find inner node EnterprisePak for hierarchical cache Hierarchy.
[2020.10.25-13.41.21:927][  0]LogDerivedDataCache: Using Local data cache path C:/Users/adin2/AppData/Local/UnrealEngine/Common/DerivedDataCache: Writable
[2020.10.25-13.41.21:927][  0]LogDerivedDataCache: Shared data cache path not found in *engine.ini, will not use an Shared cache.
[2020.10.25-13.41.21:927][  0]LogDerivedDataCache: Unable to find inner node Shared for hierarchical cache Hierarchy.
[2020.10.25-13.41.23:445][  0]LogSlate: Using FreeType 2.10.0
[2020.10.25-13.41.23:463][  0]LogShaderCompilers: Display: Worker (1/3): shaders left to compile 3126
[2020.10.25-13.41.23:463][  0]LogShaderCompilers: Display: Worker (2/3): shaders left to compile 3125
[2020.10.25-13.41.23:463][  0]LogShaderCompilers: Display: Worker (3/3): shaders left to compile 3124
[2020.10.25-13.41.23:463][  0]LogSlate: SlateFontServices - WITH_FREETYPE: 1, WITH_HARFBUZZ: 1
[2020.10.25-13.41.24:040][  0]LogAssetRegistry: FAssetRegistry took 0.0033 seconds to start up
[2020.10.25-13.41.24:605][  0]LogInit: Selected Device Profile: [Windows]
[2020.10.25-13.41.24:660][  0]LogMaterial: Display: Missing cached shader map for material DefaultDeferredDecalMaterial, compiling. 
[2020.10.25-13.43.11:514][  0]LogShaderCompilers: Display: Worker (3/3): shaders left to compile 3312
[2020.10.25-13.43.11:514][  0]LogShaderCompilers: Display: Worker (1/3): shaders left to compile 3311
[2020.10.25-13.43.12:066][  0]LogShaderCompilers: Display: Worker (3/3): shaders left to compile 3310
[2020.10.25-13.43.12:066][  0]LogShaderCompilers: Display: Worker (1/3): shaders left to compile 3309
[2020.10.25-13.43.13:168][  0]LogShaderCompilers: Display: Worker (3/3): shaders left to compile 3308
[2020.10.25-13.43.17:575][  0]LogShaderCompilers: Display: Worker (3/3): shaders left to compile 3307
[2020.10.25-13.43.18:129][  0]LogShaderCompilers: Display: Worker (1/3): shaders left to compile 3306
[2020.10.25-13.43.21:988][  0]LogShaderCompilers: Display: Worker (3/3): shaders left to compile 3305
[2020.10.25-13.43.23:095][  0]LogShaderCompilers: Display: Worker (1/3): shaders left to compile 3304
[2020.10.25-13.43.26:410][  0]LogShaderCompilers: Display: Worker (3/3): shaders left to compile 3303
[2020.10.25-13.43.31:925][  0]LogShaderCompilers: Display: Worker (1/3): shaders left to compile 3302
[2020.10.25-13.43.31:925][  0]LogShaderCompilers: Display: Worker (3/3): shaders left to compile 3301
[2020.10.25-13.43.32:477][  0]LogShaderCompilers: Display: Worker (1/3): shaders left to compile 3300
[2020.10.25-13.43.32:477][  0]LogShaderCompilers: Display: Worker (3/3): shaders left to compile 3299
[2020.10.25-13.43.33:028][  0]LogShaderCompilers: Display: Worker (3/3): shaders left to compile 3298
[2020.10.25-13.43.33:028][  0]LogShaderCompilers: Display: Worker (1/3): shaders left to compile 3297
[2020.10.25-13.43.33:579][  0]LogShaderCompilers: Display: Worker (1/3): shaders left to compile 3296
[2020.10.25-13.43.33:579][  0]LogShaderCompilers: Display: Worker (3/3): shaders left to compile 3295
[2020.10.25-13.43.34:129][  0]LogShaderCompilers: Display: Worker (1/3): shaders left to compile 3294
[2020.10.25-13.43.34:678][  0]LogShaderCompilers: Display: Worker (3/3): shaders left to compile 3293
[2020.10.25-13.43.35:231][  0]LogShaderCompilers: Display: Worker (1/3): shaders left to compile 3292
[2020.10.25-13.43.35:231][  0]LogShaderCompilers: Display: Worker (3/3): shaders left to compile 3291
[2020.10.25-13.43.35:785][  0]LogShaderCompilers: Display: Worker (1/3): shaders left to compile 3290
[2020.10.25-13.43.36:333][  0]LogShaderCompilers: Display: Worker (3/3): shaders left to compile 3289
[2020.10.25-13.43.36:333][  0]LogShaderCompilers: Display: Worker (1/3): shaders left to compile 3288
[2020.10.25-13.43.36:886][  0]LogShaderCompilers: Display: Worker (3/3): shaders left to compile 3287
[2020.10.25-13.43.36:886][  0]LogShaderCompilers: Display: Worker (1/3): shaders left to compile 3286
[2020.10.25-13.43.37:435][  0]LogShaderCompilers: Display: Worker (2/3): shaders left to compile 3285
[2020.10.25-13.43.37:988][  0]LogShaderCompilers: Display: Worker (3/3): shaders left to compile 3284
[2020.10.25-13.43.37:988][  0]LogShaderCompilers: Display: Worker (2/3): shaders left to compile 3283
[2020.10.25-13.43.37:988][  0]LogShaderCompilers: Display: Worker (1/3): shaders left to compile 3282
[2020.10.25-13.43.38:537][  0]LogShaderCompilers: Display: Worker (2/3): shaders left to compile 3281
[2020.10.25-13.43.38:537][  0]LogShaderCompilers: Display: Worker (3/3): shaders left to compile 3280
[2020.10.25-13.43.39:085][  0]LogShaderCompilers: Display: Worker (1/3): shaders left to compile 3279
[2020.10.25-13.43.39:085][  0]LogShaderCompilers: Display: Worker (2/3): shaders left to compile 3278
[2020.10.25-13.43.39:634][  0]LogShaderCompilers: Display: Worker (3/3): shaders left to compile 3277
[2020.10.25-13.43.39:634][  0]LogShaderCompilers: Display: Worker (1/3): shaders left to compile 3276
[2020.10.25-13.43.40:184][  0]LogShaderCompilers: Display: Worker (2/3): shaders left to compile 3275
[2020.10.25-13.43.40:184][  0]LogShaderCompilers: Display: Worker (1/3): shaders left to compile 3274
[2020.10.25-13.43.40:735][  0]LogShaderCompilers: Display: Worker (2/3): shaders left to compile 3273
[2020.10.25-13.43.40:735][  0]LogShaderCompilers: Display: Worker (1/3): shaders left to compile 3272
[2020.10.25-13.43.41:286][  0]LogShaderCompilers: Display: Worker (2/3): shaders left to compile 3271
[2020.10.25-13.43.41:837][  0]LogShaderCompilers: Display: Worker (1/3): shaders left to compile 3270
[2020.10.25-13.43.44:050][  0]LogShaderCompilers: Display: Worker (2/3): shaders left to compile 3269
[2020.10.25-13.43.46:825][  0]LogShaderCompilers: Display: Worker (1/3): shaders left to compile 3268
[2020.10.25-13.43.49:588][  0]LogShaderCompilers: Display: Worker (1/3): shaders left to compile 3267
[2020.10.25-13.43.50:690][  0]LogShaderCompilers: Display: Worker (3/3): shaders left to compile 3266
[2020.10.25-13.43.51:242][  0]LogShaderCompilers: Display: Worker (2/3): shaders left to compile 3265
[2020.10.25-13.43.52:899][  0]LogShaderCompilers: Display: Worker (1/3): shaders left to compile 3264
[2020.10.25-13.43.53:452][  0]LogShaderCompilers: Display: Worker (3/3): shaders left to compile 3263
[2020.10.25-13.43.55:671][  0]LogShaderCompilers: Display: Worker (1/3): shaders left to compile 3262
[2020.10.25-13.43.56:222][  0]LogShaderCompilers: Display: Worker (3/3): shaders left to compile 3261
[2020.10.25-13.43.56:222][  0]LogShaderCompilers: Display: Worker (2/3): shaders left to compile 3260
[2020.10.25-13.43.56:777][  0]LogShaderCompilers: Display: Worker (1/3): shaders left to compile 3259
[2020.10.25-13.43.56:777][  0]LogShaderCompilers: Display: Worker (2/3): shaders left to compile 3258
[2020.10.25-13.43.57:326][  0]LogShaderCompilers: Display: Worker (3/3): shaders left to compile 3257
[2020.10.25-13.43.57:326][  0]LogShaderCompilers: Display: Worker (1/3): shaders left to compile 3256
[2020.10.25-13.43.57:877][  0]LogShaderCompilers: Display: Worker (2/3): shaders left to compile 3255
[2020.10.25-13.43.58:428][  0]LogShaderCompilers: Display: Worker (2/3): shaders left to compile 3254
[2020.10.25-13.43.58:428][  0]LogShaderCompilers: Display: Worker (3/3): shaders left to compile 3253
[2020.10.25-13.43.58:428][  0]LogShaderCompilers: Display: Worker (1/3): shaders left to compile 3252
[2020.10.25-13.43.58:979][  0]LogShaderCompilers: Display: Worker (3/3): shaders left to compile 3251
[2020.10.25-13.43.58:979][  0]LogShaderCompilers: Display: Worker (2/3): shaders left to compile 3250
[2020.10.25-13.43.58:979][  0]LogShaderCompilers: Display: Worker (1/3): shaders left to compile 3249
[2020.10.25-13.43.59:533][  0]LogShaderCompilers: Display: Worker (3/3): shaders left to compile 3248
[2020.10.25-13.43.59:533][  0]LogShaderCompilers: Display: Worker (2/3): shaders left to compile 3247
[2020.10.25-13.44.00:086][  0]LogShaderCompilers: Display: Worker (1/3): shaders left to compile 3246
[2020.10.25-13.44.00:637][  0]LogShaderCompilers: Display: Worker (3/3): shaders left to compile 3245
[2020.10.25-13.44.00:637][  0]LogShaderCompilers: Display: Worker (1/3): shaders left to compile 3244
[2020.10.25-13.44.01:191][  0]LogShaderCompilers: Display: Worker (2/3): shaders left to compile 3243
[2020.10.25-13.44.01:740][  0]LogShaderCompilers: Display: Worker (3/3): shaders left to compile 3242
[2020.10.25-13.44.01:740][  0]LogShaderCompilers: Display: Worker (1/3): shaders left to compile 3241
[2020.10.25-13.44.02:291][  0]LogShaderCompilers: Display: Worker (2/3): shaders left to compile 3240
[2020.10.25-13.44.02:291][  0]LogShaderCompilers: Display: Worker (3/3): shaders left to compile 3239
[2020.10.25-13.44.03:390][  0]LogShaderCompilers: Display: Worker (2/3): shaders left to compile 3238
[2020.10.25-13.44.03:390][  0]LogShaderCompilers: Display: Worker (1/3): shaders left to compile 3237
[2020.10.25-13.44.03:943][  0]LogShaderCompilers: Display: Worker (3/3): shaders left to compile 3236
[2020.10.25-13.44.04:493][  0]LogShaderCompilers: Display: Worker (2/3): shaders left to compile 3235
[2020.10.25-13.44.04:493][  0]LogShaderCompilers: Display: Worker (2/3): shaders left to compile 3234
[2020.10.25-13.44.05:048][  0]LogShaderCompilers: Display: Worker (1/3): shaders left to compile 3233
[2020.10.25-13.44.05:048][  0]LogShaderCompilers: Display: Worker (3/3): shaders left to compile 3232
[2020.10.25-13.44.05:048][  0]LogShaderCompilers: Display: Worker (1/3): shaders left to compile 3231
[2020.10.25-13.44.05:595][  0]LogShaderCompilers: Display: Worker (2/3): shaders left to compile 3230
[2020.10.25-13.44.05:595][  0]LogShaderCompilers: Display: Worker (3/3): shaders left to compile 3229
[2020.10.25-13.44.05:595][  0]LogShaderCompilers: Display: Worker (1/3): shaders left to compile 3228
[2020.10.25-13.44.05:595][  0]LogShaderCompilers: Display: Worker (2/3): shaders left to compile 3227
[2020.10.25-13.44.06:147][  0]LogShaderCompilers: Display: Worker (3/3): shaders left to compile 3226
[2020.10.25-13.44.06:147][  0]LogShaderCompilers: Display: Worker (2/3): shaders left to compile 3225
[2020.10.25-13.44.06:697][  0]LogShaderCompilers: Display: Worker (2/3): shaders left to compile 3224
[2020.10.25-13.44.06:697][  0]LogShaderCompilers: Display: Worker (3/3): shaders left to compile 3223
[2020.10.25-13.44.07:246][  0]LogShaderCompilers: Display: Worker (1/3): shaders left to compile 3222
[2020.10.25-13.44.07:246][  0]LogShaderCompilers: Display: Worker (2/3): shaders left to compile 3221
[2020.10.25-13.44.07:246][  0]LogShaderCompilers: Display: Worker (1/3): shaders left to compile 3220
[2020.10.25-13.44.07:800][  0]LogShaderCompilers: Display: Worker (3/3): shaders left to compile 3219
[2020.10.25-13.44.08:899][  0]LogShaderCompilers: Display: Worker (3/3): shaders left to compile 3218
[2020.10.25-13.44.09:450][  0]LogShaderCompilers: Display: Worker (3/3): shaders left to compile 3217
[2020.10.25-13.44.09:450][  0]LogShaderCompilers: Display: Worker (1/3): shaders left to compile 3216
[2020.10.25-13.44.09:997][  0]LogShaderCompilers: Display: Worker (3/3): shaders left to compile 3215
[2020.10.25-13.44.10:549][  0]LogShaderCompilers: Display: Worker (1/3): shaders left to compile 3214
[2020.10.25-13.44.10:549][  0]LogShaderCompilers: Display: Worker (3/3): shaders left to compile 3213
[2020.10.25-13.44.10:549][  0]LogShaderCompilers: Display: Worker (2/3): shaders left to compile 3212
[2020.10.25-13.44.15:504][  0]LogShaderCompilers: Display: Worker (2/3): shaders left to compile 3211
[2020.10.25-13.44.16:059][  0]LogShaderCompilers: Display: Worker (2/3): shaders left to compile 3210
[2020.10.25-13.44.17:715][  0]LogShaderCompilers: Display: Worker (3/3): shaders left to compile 3209
[2020.10.25-13.44.17:715][  0]LogShaderCompilers: Display: Worker (2/3): shaders left to compile 3208
[2020.10.25-13.44.18:816][  0]LogShaderCompilers: Display: Worker (3/3): shaders left to compile 3207
[2020.10.25-13.44.18:816][  0]LogShaderCompilers: Display: Worker (2/3): shaders left to compile 3206
[2020.10.25-13.44.19:370][  0]LogShaderCompilers: Display: Worker (2/3): shaders left to compile 3205
[2020.10.25-13.44.19:922][  0]LogShaderCompilers: Display: Worker (3/3): shaders left to compile 3204
[2020.10.25-13.44.21:022][  0]LogShaderCompilers: Display: Worker (2/3): shaders left to compile 3203
[2020.10.25-13.44.21:573][  0]LogShaderCompilers: Display: Worker (3/3): shaders left to compile 3202
[2020.10.25-13.44.22:133][  0]LogShaderCompilers: Display: Worker (2/3): shaders left to compile 3201
[2020.10.25-13.44.22:687][  0]LogShaderCompilers: Display: Worker (3/3): shaders left to compile 3200
[2020.10.25-13.44.23:800][  0]LogShaderCompilers: Display: Worker (3/3): shaders left to compile 3199
[2020.10.25-13.44.23:800][  0]LogShaderCompilers: Display: Worker (2/3): shaders left to compile 3198
[2020.10.25-13.44.24:905][  0]LogShaderCompilers: Display: Worker (2/3): shaders left to compile 3197
[2020.10.25-13.44.24:905][  0]LogShaderCompilers: Display: Worker (3/3): shaders left to compile 3196
[2020.10.25-13.44.26:005][  0]LogShaderCompilers: Display: Worker (2/3): shaders left to compile 3195
[2020.10.25-13.44.26:005][  0]LogShaderCompilers: Display: Worker (3/3): shaders left to compile 3194
[2020.10.25-13.44.27:659][  0]LogShaderCompilers: Display: Worker (3/3): shaders left to compile 3193
[2020.10.25-13.44.27:659][  0]LogShaderCompilers: Display: Worker (2/3): shaders left to compile 3192
[2020.10.25-13.44.28:773][  0]LogShaderCompilers: Display: Worker (3/3): shaders left to compile 3191
[2020.10.25-13.44.29:328][  0]LogShaderCompilers: Display: Worker (2/3): shaders left to compile 3190
[2020.10.25-13.44.30:987][  0]LogShaderCompilers: Display: Worker (3/3): shaders left to compile 3189
[2020.10.25-13.44.32:648][  0]LogShaderCompilers: Display: Worker (2/3): shaders left to compile 3188
[2020.10.25-13.44.32:648][  0]LogShaderCompilers: Display: Worker (3/3): shaders left to compile 3187
[2020.10.25-13.44.33:754][  0]LogShaderCompilers: Display: Worker (2/3): shaders left to compile 3186
[2020.10.25-13.44.34:307][  0]LogShaderCompilers: Display: Worker (3/3): shaders left to compile 3185
[2020.10.25-13.44.34:857][  0]LogShaderCompilers: Display: Worker (3/3): shaders left to compile 3184
[2020.10.25-13.44.34:857][  0]LogShaderCompilers: Display: Worker (2/3): shaders left to compile 3183
[2020.10.25-13.44.35:409][  0]LogShaderCompilers: Display: Worker (3/3): shaders left to compile 3182
[2020.10.25-13.44.35:968][  0]LogShaderCompilers: Display: Worker (3/3): shaders left to compile 3181
[2020.10.25-13.44.35:968][  0]LogShaderCompilers: Display: Worker (2/3): shaders left to compile 3180
[2020.10.25-13.44.36:523][  0]LogShaderCompilers: Display: Worker (3/3): shaders left to compile 3179
[2020.10.25-13.44.36:523][  0]LogShaderCompilers: Display: Worker (2/3): shaders left to compile 3178
[2020.10.25-13.44.37:073][  0]LogShaderCompilers: Display: Worker (2/3): shaders left to compile 3177
[2020.10.25-13.44.37:073][  0]LogShaderCompilers: Display: Worker (3/3): shaders left to compile 3176
[2020.10.25-13.44.37:627][  0]LogShaderCompilers: Display: Worker (2/3): shaders left to compile 3175
[2020.10.25-13.44.37:627][  0]LogShaderCompilers: Display: Worker (3/3): shaders left to compile 3174
[2020.10.25-13.44.38:177][  0]LogShaderCompilers: Display: Worker (3/3): shaders left to compile 3173
[2020.10.25-13.44.38:729][  0]LogShaderCompilers: Display: Worker (2/3): shaders left to compile 3172
[2020.10.25-13.44.38:729][  0]LogShaderCompilers: Display: Worker (3/3): shaders left to compile 3171
[2020.10.25-13.44.39:831][  0]LogShaderCompilers: Display: Worker (3/3): shaders left to compile 3170
[2020.10.25-13.44.40:383][  0]LogShaderCompilers: Display: Worker (2/3): shaders left to compile 3169
[2020.10.25-13.44.40:932][  0]LogShaderCompilers: Display: Worker (3/3): shaders left to compile 3168
[2020.10.25-13.44.41:484][  0]LogShaderCompilers: Display: Worker (2/3): shaders left to compile 3167
[2020.10.25-13.44.42:033][  0]LogShaderCompilers: Display: Worker (2/3): shaders left to compile 3166
[2020.10.25-13.44.42:033][  0]LogShaderCompilers: Display: Worker (3/3): shaders left to compile 3165
[2020.10.25-13.44.43:136][  0]LogShaderCompilers: Display: Worker (3/3): shaders left to compile 3164
[2020.10.25-13.44.43:136][  0]LogShaderCompilers: Display: Worker (2/3): shaders left to compile 3163
[2020.10.25-13.44.43:685][  0]LogShaderCompilers: Display: Worker (2/3): shaders left to compile 3162
[2020.10.25-13.44.44:235][  0]LogShaderCompilers: Display: Worker (3/3): shaders left to compile 3161
[2020.10.25-13.44.44:787][  0]LogShaderCompilers: Display: Worker (2/3): shaders left to compile 3160
[2020.10.25-13.44.45:337][  0]LogShaderCompilers: Display: Worker (3/3): shaders left to compile 3159
[2020.10.25-13.44.45:337][  0]LogShaderCompilers: Display: Worker (2/3): shaders left to compile 3158
[2020.10.25-13.44.45:888][  0]LogShaderCompilers: Display: Worker (3/3): shaders left to compile 3157
[2020.10.25-13.44.45:888][  0]LogShaderCompilers: Display: Worker (2/3): shaders left to compile 3156
[2020.10.25-13.44.46:987][  0]LogShaderCompilers: Display: Worker (3/3): shaders left to compile 3155
[2020.10.25-13.44.47:538][  0]LogShaderCompilers: Display: Worker (2/3): shaders left to compile 3154
[2020.10.25-13.44.48:084][  0]LogShaderCompilers: Display: Worker (2/3): shaders left to compile 3153
[2020.10.25-13.44.48:084][  0]LogShaderCompilers: Display: Worker (3/3): shaders left to compile 3152
[2020.10.25-13.44.48:635][  0]LogShaderCompilers: Display: Worker (2/3): shaders left to compile 3151
[2020.10.25-13.44.48:635][  0]LogShaderCompilers: Display: Worker (3/3): shaders left to compile 3150
[2020.10.25-13.44.49:188][  0]LogShaderCompilers: Display: Worker (3/3): shaders left to compile 3149
[2020.10.25-13.44.49:740][  0]LogShaderCompilers: Display: Worker (2/3): shaders left to compile 3148
[2020.10.25-13.44.50:290][  0]LogShaderCompilers: Display: Worker (3/3): shaders left to compile 3147
[2020.10.25-13.44.50:290][  0]LogShaderCompilers: Display: Worker (2/3): shaders left to compile 3146
[2020.10.25-13.44.50:847][  0]LogShaderCompilers: Display: Worker (3/3): shaders left to compile 3145
[2020.10.25-13.44.51:400][  0]LogShaderCompilers: Display: Worker (2/3): shaders left to compile 3144
[2020.10.25-13.44.51:950][  0]LogShaderCompilers: Display: Worker (3/3): shaders left to compile 3143
[2020.10.25-13.44.51:950][  0]LogShaderCompilers: Display: Worker (2/3): shaders left to compile 3142
[2020.10.25-13.44.52:504][  0]LogShaderCompilers: Display: Worker (3/3): shaders left to compile 3141
[2020.10.25-13.44.52:504][  0]LogShaderCompilers: Display: Worker (2/3): shaders left to compile 3140
[2020.10.25-13.44.53:605][  0]LogShaderCompilers: Display: Worker (2/3): shaders left to compile 3139
[2020.10.25-13.44.53:605][  0]LogShaderCompilers: Display: Worker (3/3): shaders left to compile 3138
[2020.10.25-13.44.54:154][  0]LogShaderCompilers: Display: Worker (2/3): shaders left to compile 3137
[2020.10.25-13.44.54:154][  0]LogShaderCompilers: Display: Worker (1/3): shaders left to compile 3136
[2020.10.25-13.44.54:707][  0]LogShaderCompilers: Display: Worker (2/3): shaders left to compile 3135
[2020.10.25-13.44.54:707][  0]LogShaderCompilers: Display: Worker (3/3): shaders left to compile 3134
[2020.10.25-13.44.54:707][  0]LogShaderCompilers: Display: Worker (1/3): shaders left to compile 3133
[2020.10.25-13.44.55:260][  0]LogShaderCompilers: Display: Worker (2/3): shaders left to compile 3132
[2020.10.25-13.44.55:809][  0]LogShaderCompilers: Display: Worker (3/3): shaders left to compile 3131
[2020.10.25-13.44.55:809][  0]LogShaderCompilers: Display: Worker (1/3): shaders left to compile 3130
[2020.10.25-13.44.55:809][  0]LogShaderCompilers: Display: Worker (2/3): shaders left to compile 3129
[2020.10.25-13.44.56:359][  0]LogShaderCompilers: Display: Worker (3/3): shaders left to compile 3128
[2020.10.25-13.44.56:359][  0]LogShaderCompilers: Display: Worker (1/3): shaders left to compile 3127
[2020.10.25-13.45.00:229][  0]LogShaderCompilers: Display: Worker (1/3): shaders left to compile 3126
[2020.10.25-13.45.02:990][  0]LogShaderCompilers: Display: Worker (1/3): shaders left to compile 3125
[2020.10.25-13.45.04:092][  0]LogShaderCompilers: Display: Worker (3/3): shaders left to compile 3124
[2020.10.25-13.45.05:200][  0]LogShaderCompilers: Display: Worker (2/3): shaders left to compile 3123
[2020.10.25-13.45.05:200][  0]LogShaderCompilers: Display: Worker (1/3): shaders left to compile 3122
[2020.10.25-13.45.09:074][  0]LogShaderCompilers: Display: Worker (3/3): shaders left to compile 3121
[2020.10.25-13.45.10:729][  0]LogShaderCompilers: Display: Worker (2/3): shaders left to compile 3120
[2020.10.25-13.45.11:285][  0]LogShaderCompilers: Display: Worker (1/3): shaders left to compile 3119
[2020.10.25-13.45.14:054][  0]LogShaderCompilers: Display: Worker (3/3): shaders left to compile 3118
[2020.10.25-13.45.15:716][  0]LogShaderCompilers: Display: Worker (2/3): shaders left to compile 3117
[2020.10.25-13.45.16:269][  0]LogShaderCompilers: Display: Worker (1/3): shaders left to compile 3116
[2020.10.25-13.45.19:047][  0]LogShaderCompilers: Display: Worker (3/3): shaders left to compile 3115
[2020.10.25-13.45.20:707][  0]LogShaderCompilers: Display: Worker (2/3): shaders left to compile 3114
[2020.10.25-13.45.21:819][  0]LogShaderCompilers: Display: Worker (1/3): shaders left to compile 3113
[2020.10.25-13.45.24:038][  0]LogShaderCompilers: Display: Worker (3/3): shaders left to compile 3112
[2020.10.25-13.45.25:154][  0]LogShaderCompilers: Display: Worker (2/3): shaders left to compile 3111
[2020.10.25-13.45.26:263][  0]LogShaderCompilers: Display: Worker (1/3): shaders left to compile 3110
[2020.10.25-13.45.29:025][  0]LogShaderCompilers: Display: Worker (3/3): shaders left to compile 3109
[2020.10.25-13.45.30:692][  0]LogShaderCompilers: Display: Worker (2/3): shaders left to compile 3108
[2020.10.25-13.45.32:915][  0]LogShaderCompilers: Display: Worker (1/3): shaders left to compile 3107
[2020.10.25-13.45.35:669][  0]LogShaderCompilers: Display: Worker (3/3): shaders left to compile 3106
[2020.10.25-13.45.37:326][  0]LogShaderCompilers: Display: Worker (2/3): shaders left to compile 3105
[2020.10.25-13.45.39:532][  0]LogShaderCompilers: Display: Worker (1/3): shaders left to compile 3104
[2020.10.25-13.45.43:952][  0]LogShaderCompilers: Display: Worker (3/3): shaders left to compile 3103
[2020.10.25-13.45.46:704][  0]LogShaderCompilers: Display: Worker (2/3): shaders left to compile 3102
[2020.10.25-13.45.50:557][  0]LogShaderCompilers: Display: Worker (1/3): shaders left to compile 3101
[2020.10.25-13.45.57:746][  0]LogShaderCompilers: Display: Worker (3/3): shaders left to compile 3100
[2020.10.25-13.46.04:916][  0]LogShaderCompilers: Display: Worker (2/3): shaders left to compile 3099
[2020.10.25-13.46.09:322][  0]LogShaderCompilers: Display: Worker (1/3): shaders left to compile 3098
[2020.10.25-13.46.17:615][  0]LogShaderCompilers: Display: Worker (3/3): shaders left to compile 3097
[2020.10.25-13.46.24:250][  0]LogShaderCompilers: Display: Worker (2/3): shaders left to compile 3096
[2020.10.25-13.46.32:551][  0]LogShaderCompilers: Display: Worker (1/3): shaders left to compile 3095
[2020.10.25-13.46.43:597][  0]LogShaderCompilers: Display: Worker (3/3): shaders left to compile 3094
[2020.10.25-13.46.52:457][  0]LogShaderCompilers: Display: Worker (2/3): shaders left to compile 3093
[2020.10.25-13.47.05:194][  0]LogShaderCompilers: Display: Worker (1/3): shaders left to compile 3092
[2020.10.25-13.47.11:267][  0]LogShaderCompilers: Display: Worker (1/3): shaders left to compile 3091
[2020.10.25-13.47.16:232][  0]LogShaderCompilers: Display: Worker (1/3): shaders left to compile 3090
[2020.10.25-13.47.20:088][  0]LogShaderCompilers: Display: Worker (3/3): shaders left to compile 3089
[2020.10.25-13.47.22:304][  0]LogShaderCompilers: Display: Worker (1/3): shaders left to compile 3088
[2020.10.25-13.47.25:625][  0]LogShaderCompilers: Display: Worker (3/3): shaders left to compile 3087
[2020.10.25-13.47.27:281][  0]LogShaderCompilers: Display: Worker (1/3): shaders left to compile 3086
[2020.10.25-13.47.33:924][  0]LogShaderCompilers: Display: Worker (3/3): shaders left to compile 3085
[2020.10.25-13.47.35:602][  0]LogShaderCompilers: Display: Worker (2/3): shaders left to compile 3084
[2020.10.25-13.47.35:602][  0]LogShaderCompilers: Display: Worker (1/3): shaders left to compile 3083
[2020.10.25-13.47.40:584][  0]LogShaderCompilers: Display: Worker (3/3): shaders left to compile 3082
[2020.10.25-13.47.42:241][  0]LogShaderCompilers: Display: Worker (2/3): shaders left to compile 3081
[2020.10.25-13.47.43:344][  0]LogShaderCompilers: Display: Worker (1/3): shaders left to compile 3080
[2020.10.25-13.47.46:653][  0]LogShaderCompilers: Display: Worker (3/3): shaders left to compile 3079
[2020.10.25-13.47.48:312][  0]LogShaderCompilers: Display: Worker (2/3): shaders left to compile 3078
[2020.10.25-13.47.48:865][  0]LogShaderCompilers: Display: Worker (1/3): shaders left to compile 3077
[2020.10.25-13.47.52:176][  0]LogShaderCompilers: Display: Worker (3/3): shaders left to compile 3076
[2020.10.25-13.47.53:289][  0]LogShaderCompilers: Display: Worker (2/3): shaders left to compile 3075
[2020.10.25-13.47.54:395][  0]LogShaderCompilers: Display: Worker (1/3): shaders left to compile 3074
[2020.10.25-13.47.58:807][  0]LogShaderCompilers: Display: Worker (3/3): shaders left to compile 3073
[2020.10.25-13.48.02:248][  0]LogShaderCompilers: Display: Worker (2/3): shaders left to compile 3072
[2020.10.25-13.48.06:263][  0]LogShaderCompilers: Display: Worker (1/3): shaders left to compile 3071
[2020.10.25-13.48.11:273][  0]LogShaderCompilers: Display: Worker (3/3): shaders left to compile 3070
[2020.10.25-13.48.15:161][  0]LogShaderCompilers: Display: Worker (2/3): shaders left to compile 3069
[2020.10.25-13.48.20:746][  0]LogShaderCompilers: Display: Worker (1/3): shaders left to compile 3068
[2020.10.25-13.48.28:602][  0]LogShaderCompilers: Display: Worker (3/3): shaders left to compile 3067
[2020.10.25-13.48.37:412][  0]LogShaderCompilers: Display: Worker (2/3): shaders left to compile 3066
[2020.10.25-13.48.47:403][  0]LogShaderCompilers: Display: Worker (1/3): shaders left to compile 3065
[2020.10.25-13.49.01:532][  0]LogShaderCompilers: Display: Worker (3/3): shaders left to compile 3064
[2020.10.25-13.49.11:522][  0]LogShaderCompilers: Display: Worker (2/3): shaders left to compile 3063
[2020.10.25-13.49.22:084][  0]LogShaderCompilers: Display: Worker (1/3): shaders left to compile 3062
[2020.10.25-13.49.36:560][  0]LogShaderCompilers: Display: Worker (3/3): shaders left to compile 3061
[2020.10.25-13.49.52:663][  0]LogShaderCompilers: Display: Worker (2/3): shaders left to compile 3060
[2020.10.25-13.49.54:324][  0]LogShaderCompilers: Display: Worker (2/3): shaders left to compile 3059
[2020.10.25-13.49.55:983][  0]LogShaderCompilers: Display: Worker (2/3): shaders left to compile 3058
[2020.10.25-13.50.02:914][  0]LogShaderCompilers: Display: Worker (2/3): shaders left to compile 3057
[2020.10.25-13.50.11:000][  0]LogShaderCompilers: Display: Worker (2/3): shaders left to compile 3056
[2020.10.25-13.50.19:548][  0]LogShaderCompilers: Display: Worker (2/3): shaders left to compile 3055
[2020.10.25-13.50.28:672][  0]LogShaderCompilers: Display: Worker (2/3): shaders left to compile 3054
[2020.10.25-13.50.37:883][  0]LogShaderCompilers: Display: Worker (2/3): shaders left to compile 3053
[2020.10.25-13.50.41:332][  0]LogShaderCompilers: Display: Worker (1/3): shaders left to compile 3052
[2020.10.25-13.50.44:225][  0]LogShaderCompilers: Display: Worker (1/3): shaders left to compile 3051
[2020.10.25-13.50.47:663][  0]LogShaderCompilers: Display: Worker (2/3): shaders left to compile 3050
[2020.10.25-13.50.47:663][  0]LogShaderCompilers: Display: Worker (1/3): shaders left to compile 3049
[2020.10.25-13.50.50:035][  0]LogShaderCompilers: Display: Worker (2/3): shaders left to compile 3048
[2020.10.25-13.50.51:190][  0]LogShaderCompilers: Display: Worker (1/3): shaders left to compile 3047
[2020.10.25-13.50.51:773][  0]LogShaderCompilers: Display: Worker (2/3): shaders left to compile 3046
[2020.10.25-13.50.52:942][  0]LogShaderCompilers: Display: Worker (1/3): shaders left to compile 3045
[2020.10.25-13.50.53:520][  0]LogShaderCompilers: Display: Worker (2/3): shaders left to compile 3044
[2020.10.25-13.50.54:676][  0]LogShaderCompilers: Display: Worker (1/3): shaders left to compile 3043
[2020.10.25-13.50.56:416][  0]LogShaderCompilers: Display: Worker (1/3): shaders left to compile 3042
[2020.10.25-13.50.56:416][  0]LogShaderCompilers: Display: Worker (2/3): shaders left to compile 3041
[2020.10.25-13.50.57:564][  0]LogShaderCompilers: Display: Worker (1/3): shaders left to compile 3040
[2020.10.25-13.50.58:718][  0]LogShaderCompilers: Display: Worker (2/3): shaders left to compile 3039
[2020.10.25-13.51.01:111][  0]LogShaderCompilers: Display: Worker (1/3): shaders left to compile 3038
[2020.10.25-13.51.50:776][  0]LogShaderCompilers: Display: Worker (3/3): shaders left to compile 3037
[2020.10.25-13.51.54:248][  0]LogShaderCompilers: Display: Worker (3/3): shaders left to compile 3036
[2020.10.25-13.51.57:152][  0]LogShaderCompilers: Display: Worker (3/3): shaders left to compile 3035
[2020.10.25-13.51.59:449][  0]LogShaderCompilers: Display: Worker (3/3): shaders left to compile 3034
[2020.10.25-13.52.01:206][  0]LogShaderCompilers: Display: Worker (3/3): shaders left to compile 3033
[2020.10.25-13.52.09:120][  0]LogShaderCompilers: Display: Worker (3/3): shaders left to compile 3032
[2020.10.25-13.52.20:213][  0]LogShaderCompilers: Display: Worker (3/3): shaders left to compile 3031
[2020.10.25-13.52.56:436][  0]LogShaderCompilers: Display: Worker (3/3): shaders left to compile 3030
[2020.10.25-13.53.24:992][  0]LogShaderCompilers: Display: Worker (3/3): shaders left to compile 3029
[2020.10.25-13.53.34:622][  0]LogShaderCompilers: Display: Worker (3/3): shaders left to compile 3028
[2020.10.25-13.53.41:009][  0]LogShaderCompilers: Display: Worker (3/3): shaders left to compile 3027
[2020.10.25-13.53.47:299][  0]LogShaderCompilers: Display: Worker (3/3): shaders left to compile 3026
[2020.10.25-13.53.55:356][  0]LogShaderCompilers: Display: Worker (3/3): shaders left to compile 3025
[2020.10.25-13.53.59:947][  0]LogShaderCompilers: Display: Worker (3/3): shaders left to compile 3024
[2020.10.25-13.54.05:701][  0]LogShaderCompilers: Display: Worker (3/3): shaders left to compile 3023
[2020.10.25-13.54.10:293][  0]LogShaderCompilers: Display: Worker (3/3): shaders left to compile 3022
[2020.10.25-13.54.16:040][  0]LogShaderCompilers: Display: Worker (3/3): shaders left to compile 3021
[2020.10.25-13.54.21:859][  0]LogShaderCompilers: Display: Worker (3/3): shaders left to compile 3020
[2020.10.25-13.54.27:541][  0]LogShaderCompilers: Display: Worker (3/3): shaders left to compile 3019
[2020.10.25-13.54.34:481][  0]LogShaderCompilers: Display: Worker (3/3): shaders left to compile 3018
[2020.10.25-13.54.42:364][  0]LogShaderCompilers: Display: Worker (3/3): shaders left to compile 3017
[2020.10.25-13.54.46:838][  0]LogShaderCompilers: Display: Worker (3/3): shaders left to compile 3016
[2020.10.25-13.54.51:858][  0]LogShaderCompilers: Display: Worker (3/3): shaders left to compile 3015
[2020.10.25-13.55.00:405][  0]LogShaderCompilers: Display: Worker (3/3): shaders left to compile 3014
[2020.10.25-13.55.04:976][  0]LogShaderCompilers: Display: Worker (3/3): shaders left to compile 3013
[2020.10.25-13.55.10:705][  0]LogShaderCompilers: Display: Worker (3/3): shaders left to compile 3012
[2020.10.25-13.55.18:502][  0]LogShaderCompilers: Display: Worker (3/3): shaders left to compile 3011
[2020.10.25-13.55.25:356][  0]LogShaderCompilers: Display: Worker (3/3): shaders left to compile 3010
[2020.10.25-13.55.30:013][  0]LogShaderCompilers: Display: Worker (3/3): shaders left to compile 3009
[2020.10.25-13.55.35:874][  0]LogShaderCompilers: Display: Worker (3/3): shaders left to compile 3008
[2020.10.25-13.55.38:721][  0]LogShaderCompilers: Display: Worker (3/3): shaders left to compile 3007
[2020.10.25-13.55.44:784][  0]LogShaderCompilers: Display: Worker (3/3): shaders left to compile 3006
[2020.10.25-13.55.50:847][  0]LogShaderCompilers: Display: Worker (3/3): shaders left to compile 3005
[2020.10.25-13.55.53:599][  0]LogShaderCompilers: Display: Worker (3/3): shaders left to compile 3004
[2020.10.25-13.55.58:092][  0]LogShaderCompilers: Display: Worker (3/3): shaders left to compile 3003
[2020.10.25-13.56.03:691][  0]LogShaderCompilers: Display: Worker (3/3): shaders left to compile 3002
[2020.10.25-13.56.09:847][  0]LogShaderCompilers: Display: Worker (3/3): shaders left to compile 3001
[2020.10.25-13.56.16:010][  0]LogShaderCompilers: Display: Worker (3/3): shaders left to compile 3000
[2020.10.25-13.56.18:818][  0]LogShaderCompilers: Display: Worker (3/3): shaders left to compile 2999
[2020.10.25-13.56.25:531][  0]LogShaderCompilers: Display: Worker (3/3): shaders left to compile 2998
[2020.10.25-13.56.31:867][  0]LogShaderCompilers: Display: Worker (3/3): shaders left to compile 2997
[2020.10.25-13.56.31:867][  0]LogShaderCompilers: Display: Worker (2/3): shaders left to compile 2996
[2020.10.25-13.56.36:469][  0]LogShaderCompilers: Display: Worker (3/3): shaders left to compile 2995
[2020.10.25-13.56.38:822][  0]LogShaderCompilers: Display: Worker (2/3): shaders left to compile 2994
[2020.10.25-13.56.42:216][  0]LogShaderCompilers: Display: Worker (2/3): shaders left to compile 2993
[2020.10.25-13.56.43:988][  0]LogShaderCompilers: Display: Worker (3/3): shaders left to compile 2992
[2020.10.25-13.56.46:897][  0]LogShaderCompilers: Display: Worker (2/3): shaders left to compile 2991
[2020.10.25-13.56.49:807][  0]LogShaderCompilers: Display: Worker (3/3): shaders left to compile 2990
[2020.10.25-13.56.52:677][  0]LogShaderCompilers: Display: Worker (2/3): shaders left to compile 2989
[2020.10.25-13.56.57:313][  0]LogShaderCompilers: Display: Worker (3/3): shaders left to compile 2988
[2020.10.25-13.56.59:045][  0]LogShaderCompilers: Display: Worker (3/3): shaders left to compile 2987
[2020.10.25-13.57.00:286][  0]LogShaderCompilers: Display: Worker (2/3): shaders left to compile 2986
[2020.10.25-13.57.04:275][  0]LogShaderCompilers: Display: Worker (3/3): shaders left to compile 2985
[2020.10.25-13.57.10:399][  0]LogShaderCompilers: Display: Worker (2/3): shaders left to compile 2984
[2020.10.25-13.57.14:888][  0]LogShaderCompilers: Display: Worker (3/3): shaders left to compile 2983
[2020.10.25-13.57.21:038][  0]LogShaderCompilers: Display: Worker (2/3): shaders left to compile 2982
[2020.10.25-13.57.22:718][  0]LogShaderCompilers: Display: Worker (3/3): shaders left to compile 2981
[2020.10.25-13.57.22:718][  0]LogShaderCompilers: Display: Worker (2/3): shaders left to compile 2980
[2020.10.25-13.57.23:272][  0]LogShaderCompilers: Display: Worker (2/3): shaders left to compile 2979
[2020.10.25-13.57.23:825][  0]LogShaderCompilers: Display: Worker (3/3): shaders left to compile 2978
[2020.10.25-13.57.23:825][  0]LogShaderCompilers: Display: Worker (2/3): shaders left to compile 2977
[2020.10.25-13.57.24:379][  0]LogShaderCompilers: Display: Worker (3/3): shaders left to compile 2976
[2020.10.25-13.57.24:379][  0]LogShaderCompilers: Display: Worker (2/3): shaders left to compile 2975
[2020.10.25-13.57.24:934][  0]LogShaderCompilers: Display: Worker (3/3): shaders left to compile 2974
[2020.10.25-13.57.24:934][  0]LogShaderCompilers: Display: Worker (2/3): shaders left to compile 2973
[2020.10.25-13.57.25:488][  0]LogShaderCompilers: Display: Worker (3/3): shaders left to compile 2972
[2020.10.25-13.57.26:042][  0]LogShaderCompilers: Display: Worker (2/3): shaders left to compile 2971
[2020.10.25-13.57.26:597][  0]LogShaderCompilers: Display: Worker (3/3): shaders left to compile 2970
[2020.10.25-13.57.27:151][  0]LogShaderCompilers: Display: Worker (2/3): shaders left to compile 2969
[2020.10.25-13.57.27:705][  0]LogShaderCompilers: Display: Worker (3/3): shaders left to compile 2968
[2020.10.25-13.57.28:259][  0]LogShaderCompilers: Display: Worker (2/3): shaders left to compile 2967
[2020.10.25-13.57.28:836][  0]LogShaderCompilers: Display: Worker (3/3): shaders left to compile 2966
[2020.10.25-13.57.28:836][  0]LogShaderCompilers: Display: Worker (2/3): shaders left to compile 2965
[2020.10.25-13.57.29:943][  0]LogShaderCompilers: Display: Worker (3/3): shaders left to compile 2964
[2020.10.25-13.57.31:606][  0]LogShaderCompilers: Display: Worker (2/3): shaders left to compile 2963
[2020.10.25-13.57.32:158][  0]LogShaderCompilers: Display: Worker (3/3): shaders left to compile 2962
[2020.10.25-13.57.33:821][  0]LogShaderCompilers: Display: Worker (2/3): shaders left to compile 2961
[2020.10.25-13.57.34:928][  0]LogShaderCompilers: Display: Worker (3/3): shaders left to compile 2960
[2020.10.25-13.57.34:928][  0]LogShaderCompilers: Display: Worker (2/3): shaders left to compile 2959
[2020.10.25-13.57.35:481][  0]LogShaderCompilers: Display: Worker (3/3): shaders left to compile 2958
[2020.10.25-13.57.36:034][  0]LogShaderCompilers: Display: Worker (2/3): shaders left to compile 2957
[2020.10.25-13.57.36:591][  0]LogShaderCompilers: Display: Worker (3/3): shaders left to compile 2956
[2020.10.25-13.57.37:145][  0]LogShaderCompilers: Display: Worker (2/3): shaders left to compile 2955
[2020.10.25-13.57.37:145][  0]LogShaderCompilers: Display: Worker (3/3): shaders left to compile 2954
[2020.10.25-13.57.37:702][  0]LogShaderCompilers: Display: Worker (2/3): shaders left to compile 2953
[2020.10.25-13.57.38:257][  0]LogShaderCompilers: Display: Worker (3/3): shaders left to compile 2952
[2020.10.25-13.57.38:257][  0]LogShaderCompilers: Display: Worker (2/3): shaders left to compile 2951
[2020.10.25-13.57.38:811][  0]LogShaderCompilers: Display: Worker (3/3): shaders left to compile 2950
[2020.10.25-13.57.39:365][  0]LogShaderCompilers: Display: Worker (2/3): shaders left to compile 2949
[2020.10.25-13.57.39:365][  0]LogShaderCompilers: Display: Worker (3/3): shaders left to compile 2948
[2020.10.25-13.57.39:941][  0]LogShaderCompilers: Display: Worker (2/3): shaders left to compile 2947
[2020.10.25-13.57.39:941][  0]LogShaderCompilers: Display: Worker (3/3): shaders left to compile 2946
[2020.10.25-13.57.40:493][  0]LogShaderCompilers: Display: Worker (2/3): shaders left to compile 2945
[2020.10.25-13.57.40:493][  0]LogShaderCompilers: Display: Worker (3/3): shaders left to compile 2944
[2020.10.25-13.57.41:046][  0]LogShaderCompilers: Display: Worker (2/3): shaders left to compile 2943
[2020.10.25-13.57.41:046][  0]LogShaderCompilers: Display: Worker (3/3): shaders left to compile 2942
[2020.10.25-13.57.41:046][  0]LogShaderCompilers: Display: Worker (2/3): shaders left to compile 2941
[2020.10.25-13.57.41:046][  0]LogShaderCompilers: Display: Worker (3/3): shaders left to compile 2940
[2020.10.25-13.57.41:597][  0]LogShaderCompilers: Display: Worker (2/3): shaders left to compile 2939
[2020.10.25-13.57.41:597][  0]LogShaderCompilers: Display: Worker (3/3): shaders left to compile 2938
[2020.10.25-13.57.41:597][  0]LogShaderCompilers: Display: Worker (3/3): shaders left to compile 2937
[2020.10.25-13.57.41:597][  0]LogShaderCompilers: Display: Worker (2/3): shaders left to compile 2936
[2020.10.25-13.57.42:147][  0]LogShaderCompilers: Display: Worker (3/3): shaders left to compile 2935
[2020.10.25-13.57.42:147][  0]LogShaderCompilers: Display: Worker (2/3): shaders left to compile 2934
[2020.10.25-13.57.42:701][  0]LogShaderCompilers: Display: Worker (3/3): shaders left to compile 2933
[2020.10.25-13.57.42:701][  0]LogShaderCompilers: Display: Worker (2/3): shaders left to compile 2932
[2020.10.25-13.57.42:701][  0]LogShaderCompilers: Display: Worker (2/3): shaders left to compile 2931
[2020.10.25-13.57.43:253][  0]LogShaderCompilers: Display: Worker (3/3): shaders left to compile 2930
[2020.10.25-13.57.43:253][  0]LogShaderCompilers: Display: Worker (2/3): shaders left to compile 2929
[2020.10.25-13.57.43:253][  0]LogShaderCompilers: Display: Worker (3/3): shaders left to compile 2928
